{"/Users/sivemwanda/Work/Assessments/weatherApp/src/assets/index.ts": {"path":"/Users/sivemwanda/Work/Assessments/weatherApp/src/assets/index.ts","statementMap":{"0":{"start":{"line":1,"column":0},"end":{"line":1,"column":7}},"1":{"start":{"line":11,"column":2},"end":{"line":1,"column":40}},"2":{"start":{"line":2,"column":0},"end":{"line":2,"column":7}},"3":{"start":{"line":13,"column":2},"end":{"line":2,"column":44}},"4":{"start":{"line":3,"column":0},"end":{"line":3,"column":7}},"5":{"start":{"line":15,"column":2},"end":{"line":3,"column":42}},"6":{"start":{"line":4,"column":0},"end":{"line":4,"column":7}},"7":{"start":{"line":16,"column":2},"end":{"line":4,"column":40}},"8":{"start":{"line":5,"column":0},"end":{"line":5,"column":7}},"9":{"start":{"line":18,"column":2},"end":{"line":5,"column":42}},"10":{"start":{"line":6,"column":0},"end":{"line":6,"column":7}},"11":{"start":{"line":12,"column":2},"end":{"line":6,"column":41}},"12":{"start":{"line":7,"column":0},"end":{"line":7,"column":7}},"13":{"start":{"line":14,"column":2},"end":{"line":7,"column":39}},"14":{"start":{"line":8,"column":0},"end":{"line":8,"column":7}},"15":{"start":{"line":17,"column":2},"end":{"line":8,"column":39}}},"fnMap":{},"branchMap":{},"s":{"0":5,"1":5,"2":5,"3":5,"4":5,"5":5,"6":5,"7":5,"8":5,"9":5,"10":5,"11":5,"12":5,"13":5,"14":5,"15":5},"f":{},"b":{}}
,"/Users/sivemwanda/Work/Assessments/weatherApp/src/assets/icons/back.png": {"path":"/Users/sivemwanda/Work/Assessments/weatherApp/src/assets/icons/back.png","statementMap":{"0":{"start":{"line":1,"column":0},"end":{"line":4,"column":6}}},"fnMap":{},"branchMap":{},"s":{"0":5},"f":{},"b":{},"_coverageSchema":"1a1c01bbd47fc00a2c39e90264f33305004495a9","hash":"f3b59210e7867ec430861629f9d448c92ba9dc7e"}
,"/Users/sivemwanda/Work/Assessments/weatherApp/src/assets/icons/cloudy.png": {"path":"/Users/sivemwanda/Work/Assessments/weatherApp/src/assets/icons/cloudy.png","statementMap":{"0":{"start":{"line":1,"column":0},"end":{"line":4,"column":6}}},"fnMap":{},"branchMap":{},"s":{"0":5},"f":{},"b":{},"_coverageSchema":"1a1c01bbd47fc00a2c39e90264f33305004495a9","hash":"8bd0242d3381b0773b2d8e60cdb1d7703c87d561"}
,"/Users/sivemwanda/Work/Assessments/weatherApp/src/assets/icons/rainy.png": {"path":"/Users/sivemwanda/Work/Assessments/weatherApp/src/assets/icons/rainy.png","statementMap":{"0":{"start":{"line":1,"column":0},"end":{"line":4,"column":6}}},"fnMap":{},"branchMap":{},"s":{"0":5},"f":{},"b":{},"_coverageSchema":"1a1c01bbd47fc00a2c39e90264f33305004495a9","hash":"e505e68336f34522c51162ea12b70548df456d9d"}
,"/Users/sivemwanda/Work/Assessments/weatherApp/src/assets/icons/star.png": {"path":"/Users/sivemwanda/Work/Assessments/weatherApp/src/assets/icons/star.png","statementMap":{"0":{"start":{"line":1,"column":0},"end":{"line":4,"column":6}}},"fnMap":{},"branchMap":{},"s":{"0":5},"f":{},"b":{},"_coverageSchema":"1a1c01bbd47fc00a2c39e90264f33305004495a9","hash":"415eb3da3e92bd8bcc889690a7fe7146e5e5933a"}
,"/Users/sivemwanda/Work/Assessments/weatherApp/src/assets/icons/sunny.png": {"path":"/Users/sivemwanda/Work/Assessments/weatherApp/src/assets/icons/sunny.png","statementMap":{"0":{"start":{"line":1,"column":0},"end":{"line":4,"column":6}}},"fnMap":{},"branchMap":{},"s":{"0":5},"f":{},"b":{},"_coverageSchema":"1a1c01bbd47fc00a2c39e90264f33305004495a9","hash":"11b8ec0398c527e99005d7445046b1f910486c7b"}
,"/Users/sivemwanda/Work/Assessments/weatherApp/src/assets/images/cloudy.png": {"path":"/Users/sivemwanda/Work/Assessments/weatherApp/src/assets/images/cloudy.png","statementMap":{"0":{"start":{"line":1,"column":0},"end":{"line":4,"column":6}}},"fnMap":{},"branchMap":{},"s":{"0":5},"f":{},"b":{},"_coverageSchema":"1a1c01bbd47fc00a2c39e90264f33305004495a9","hash":"39c5a785e2169b1db65a0a02d83f1061fc2f353c"}
,"/Users/sivemwanda/Work/Assessments/weatherApp/src/assets/images/rainy.png": {"path":"/Users/sivemwanda/Work/Assessments/weatherApp/src/assets/images/rainy.png","statementMap":{"0":{"start":{"line":1,"column":0},"end":{"line":4,"column":6}}},"fnMap":{},"branchMap":{},"s":{"0":5},"f":{},"b":{},"_coverageSchema":"1a1c01bbd47fc00a2c39e90264f33305004495a9","hash":"ae00826aa655a8f936586791d9ac9a576d9905d7"}
,"/Users/sivemwanda/Work/Assessments/weatherApp/src/assets/images/sunny.png": {"path":"/Users/sivemwanda/Work/Assessments/weatherApp/src/assets/images/sunny.png","statementMap":{"0":{"start":{"line":1,"column":0},"end":{"line":4,"column":6}}},"fnMap":{},"branchMap":{},"s":{"0":5},"f":{},"b":{},"_coverageSchema":"1a1c01bbd47fc00a2c39e90264f33305004495a9","hash":"fdf7ec9da98b5b86aacaa84285c36aafe466149f"}
,"/Users/sivemwanda/Work/Assessments/weatherApp/src/components/applicationWrapper/index.tsx": {"path":"/Users/sivemwanda/Work/Assessments/weatherApp/src/components/applicationWrapper/index.tsx","statementMap":{"0":{"start":{"line":21,"column":2},"end":{"line":29,"column":4}}},"fnMap":{"0":{"name":"ApplicationWrapper","decl":{"start":{"line":16,"column":9},"end":{"line":16,"column":27}},"loc":{"start":{"line":20,"column":42},"end":{"line":30,"column":1}},"line":20}},"branchMap":{"0":{"loc":{"start":{"line":24,"column":9},"end":{"line":24,"column":40}},"type":"binary-expr","locations":[{"start":{"line":24,"column":9},"end":{"line":24,"column":22}},{"start":{"line":24,"column":26},"end":{"line":24,"column":40}}],"line":24}},"s":{"0":1},"f":{"0":1},"b":{"0":[1,1]},"_coverageSchema":"1a1c01bbd47fc00a2c39e90264f33305004495a9","hash":"12909360415feed514004f98169e834e5344bb2e"}
,"/Users/sivemwanda/Work/Assessments/weatherApp/src/components/applicationWrapper/styles.ts": {"path":"/Users/sivemwanda/Work/Assessments/weatherApp/src/components/applicationWrapper/styles.ts","statementMap":{"0":{"start":{"line":1,"column":0},"end":{"line":1,"column":46}},"1":{"start":{"line":4,"column":33},"end":{"line":11,"column":2}},"2":{"start":{"line":10,"column":8},"end":{"line":10,"column":13}},"3":{"start":{"line":31,"column":9},"end":{"line":31,"column":33}},"4":{"start":{"line":13,"column":28},"end":{"line":17,"column":2}},"5":{"start":{"line":31,"column":35},"end":{"line":31,"column":54}},"6":{"start":{"line":19,"column":20},"end":{"line":29,"column":2}},"7":{"start":{"line":28,"column":8},"end":{"line":28,"column":13}},"8":{"start":{"line":31,"column":56},"end":{"line":31,"column":67}}},"fnMap":{"0":{"name":"(anonymous_1)","decl":{"start":{"line":6,"column":16},"end":{"line":6,"column":17}},"loc":{"start":{"line":10,"column":8},"end":{"line":10,"column":13}}},"1":{"name":"(anonymous_2)","decl":{"start":{"line":24,"column":11},"end":{"line":24,"column":12}},"loc":{"start":{"line":28,"column":8},"end":{"line":28,"column":13}}}},"branchMap":{},"s":{"0":1,"1":1,"2":1,"3":1,"4":1,"5":1,"6":1,"7":1,"8":1},"f":{"0":1,"1":1},"b":{}}
,"/Users/sivemwanda/Work/Assessments/weatherApp/src/components/autoComplete/index.tsx": {"path":"/Users/sivemwanda/Work/Assessments/weatherApp/src/components/autoComplete/index.tsx","statementMap":{"0":{"start":{"line":31,"column":52},"end":{"line":33,"column":3}},"1":{"start":{"line":35,"column":38},"end":{"line":35,"column":58}},"2":{"start":{"line":37,"column":29},"end":{"line":45,"column":3}},"3":{"start":{"line":41,"column":4},"end":{"line":41,"column":32}},"4":{"start":{"line":42,"column":4},"end":{"line":42,"column":23}},"5":{"start":{"line":44,"column":4},"end":{"line":44,"column":51}},"6":{"start":{"line":47,"column":23},"end":{"line":50,"column":3}},"7":{"start":{"line":48,"column":4},"end":{"line":48,"column":25}},"8":{"start":{"line":49,"column":4},"end":{"line":49,"column":24}},"9":{"start":{"line":52,"column":2},"end":{"line":54,"column":16}},"10":{"start":{"line":53,"column":4},"end":{"line":53,"column":31}},"11":{"start":{"line":56,"column":2},"end":{"line":83,"column":4}},"12":{"start":{"line":60,"column":43},"end":{"line":60,"column":62}},"13":{"start":{"line":72,"column":12},"end":{"line":78,"column":31}},"14":{"start":{"line":74,"column":29},"end":{"line":74,"column":61}}},"fnMap":{"0":{"name":"AutoComplete","decl":{"start":{"line":21,"column":9},"end":{"line":21,"column":21}},"loc":{"start":{"line":30,"column":36},"end":{"line":84,"column":1}},"line":30},"1":{"name":"(anonymous_1)","decl":{"start":{"line":37,"column":29},"end":{"line":37,"column":30}},"loc":{"start":{"line":40,"column":7},"end":{"line":45,"column":3}},"line":40},"2":{"name":"(anonymous_2)","decl":{"start":{"line":47,"column":23},"end":{"line":47,"column":24}},"loc":{"start":{"line":47,"column":42},"end":{"line":50,"column":3}},"line":47},"3":{"name":"(anonymous_3)","decl":{"start":{"line":52,"column":12},"end":{"line":52,"column":13}},"loc":{"start":{"line":52,"column":18},"end":{"line":54,"column":3}},"line":52},"4":{"name":"(anonymous_4)","decl":{"start":{"line":60,"column":24},"end":{"line":60,"column":25}},"loc":{"start":{"line":60,"column":43},"end":{"line":60,"column":62}},"line":60},"5":{"name":"(anonymous_5)","decl":{"start":{"line":71,"column":23},"end":{"line":71,"column":24}},"loc":{"start":{"line":72,"column":12},"end":{"line":78,"column":31}},"line":72},"6":{"name":"(anonymous_6)","decl":{"start":{"line":74,"column":23},"end":{"line":74,"column":24}},"loc":{"start":{"line":74,"column":29},"end":{"line":74,"column":61}},"line":74}},"branchMap":{"0":{"loc":{"start":{"line":69,"column":7},"end":{"line":81,"column":7}},"type":"binary-expr","locations":[{"start":{"line":69,"column":7},"end":{"line":69,"column":24}},{"start":{"line":70,"column":8},"end":{"line":80,"column":31}}],"line":69},"1":{"loc":{"start":{"line":77,"column":15},"end":{"line":77,"column":53}},"type":"cond-expr","locations":[{"start":{"line":77,"column":29},"end":{"line":77,"column":46}},{"start":{"line":77,"column":49},"end":{"line":77,"column":53}}],"line":77}},"s":{"0":2,"1":2,"2":2,"3":0,"4":0,"5":0,"6":2,"7":0,"8":0,"9":2,"10":1,"11":2,"12":0,"13":0,"14":0},"f":{"0":2,"1":0,"2":0,"3":1,"4":0,"5":0,"6":0},"b":{"0":[2,1],"1":[0,0]},"_coverageSchema":"1a1c01bbd47fc00a2c39e90264f33305004495a9","hash":"c8f8c2ca35af31d32dd13ef449f517eaa8423271"}
,"/Users/sivemwanda/Work/Assessments/weatherApp/src/components/autoComplete/styles.ts": {"path":"/Users/sivemwanda/Work/Assessments/weatherApp/src/components/autoComplete/styles.ts","statementMap":{"0":{"start":{"line":1,"column":0},"end":{"line":1,"column":46}},"1":{"start":{"line":3,"column":27},"end":{"line":6,"column":2}},"2":{"start":{"line":51,"column":2},"end":{"line":51,"column":20}},"3":{"start":{"line":8,"column":29},"end":{"line":17,"column":2}},"4":{"start":{"line":14,"column":8},"end":{"line":14,"column":20}},"5":{"start":{"line":55,"column":2},"end":{"line":55,"column":22}},"6":{"start":{"line":19,"column":28},"end":{"line":21,"column":2}},"7":{"start":{"line":56,"column":2},"end":{"line":56,"column":21}},"8":{"start":{"line":23,"column":25},"end":{"line":27,"column":2}},"9":{"start":{"line":53,"column":2},"end":{"line":53,"column":18}},"10":{"start":{"line":29,"column":22},"end":{"line":39,"column":2}},"11":{"start":{"line":35,"column":8},"end":{"line":35,"column":13}},"12":{"start":{"line":52,"column":2},"end":{"line":52,"column":15}},"13":{"start":{"line":41,"column":26},"end":{"line":48,"column":2}},"14":{"start":{"line":47,"column":8},"end":{"line":47,"column":13}},"15":{"start":{"line":54,"column":2},"end":{"line":54,"column":19}}},"fnMap":{"0":{"name":"(anonymous_1)","decl":{"start":{"line":10,"column":22},"end":{"line":10,"column":23}},"loc":{"start":{"line":14,"column":8},"end":{"line":14,"column":20}}},"1":{"name":"(anonymous_2)","decl":{"start":{"line":31,"column":22},"end":{"line":31,"column":23}},"loc":{"start":{"line":35,"column":8},"end":{"line":35,"column":13}}},"2":{"name":"(anonymous_3)","decl":{"start":{"line":43,"column":11},"end":{"line":43,"column":12}},"loc":{"start":{"line":47,"column":8},"end":{"line":47,"column":13}}}},"branchMap":{},"s":{"0":1,"1":1,"2":1,"3":1,"4":1,"5":1,"6":1,"7":1,"8":1,"9":1,"10":1,"11":0,"12":1,"13":1,"14":0,"15":1},"f":{"0":1,"1":0,"2":0},"b":{}}
,"/Users/sivemwanda/Work/Assessments/weatherApp/src/components/backButton/index.tsx": {"path":"/Users/sivemwanda/Work/Assessments/weatherApp/src/components/backButton/index.tsx","statementMap":{"0":{"start":{"line":16,"column":4},"end":{"line":16,"column":66}},"1":{"start":{"line":17,"column":2},"end":{"line":21,"column":4}}},"fnMap":{"0":{"name":"BackButton","decl":{"start":{"line":14,"column":9},"end":{"line":14,"column":19}},"loc":{"start":{"line":14,"column":35},"end":{"line":22,"column":1}},"line":14}},"branchMap":{},"s":{"0":2,"1":2},"f":{"0":2},"b":{},"_coverageSchema":"1a1c01bbd47fc00a2c39e90264f33305004495a9","hash":"1ff8acc3981a20b153a62b2acadc27690282926b"}
,"/Users/sivemwanda/Work/Assessments/weatherApp/src/components/backButton/styles.ts": {"path":"/Users/sivemwanda/Work/Assessments/weatherApp/src/components/backButton/styles.ts","statementMap":{"0":{"start":{"line":1,"column":0},"end":{"line":1,"column":46}},"1":{"start":{"line":4,"column":25},"end":{"line":21,"column":2}},"2":{"start":{"line":9,"column":8},"end":{"line":9,"column":20}},"3":{"start":{"line":20,"column":8},"end":{"line":20,"column":28}},"4":{"start":{"line":28,"column":9},"end":{"line":28,"column":25}},"5":{"start":{"line":23,"column":29},"end":{"line":26,"column":2}},"6":{"start":{"line":28,"column":27},"end":{"line":28,"column":47}}},"fnMap":{"0":{"name":"(anonymous_1)","decl":{"start":{"line":5,"column":16},"end":{"line":5,"column":17}},"loc":{"start":{"line":9,"column":8},"end":{"line":9,"column":20}}},"1":{"name":"(anonymous_2)","decl":{"start":{"line":16,"column":12},"end":{"line":16,"column":13}},"loc":{"start":{"line":20,"column":8},"end":{"line":20,"column":28}}}},"branchMap":{},"s":{"0":2,"1":2,"2":2,"3":2,"4":2,"5":2,"6":2},"f":{"0":2,"1":2},"b":{}}
,"/Users/sivemwanda/Work/Assessments/weatherApp/src/components/button/enums.ts": {"path":"/Users/sivemwanda/Work/Assessments/weatherApp/src/components/button/enums.ts","statementMap":{"0":{"start":{"line":1,"column":0},"end":{"line":1,"column":null}},"1":{"start":{"line":2,"column":2},"end":{"line":2,"column":null}},"2":{"start":{"line":3,"column":2},"end":{"line":3,"column":null}},"3":{"start":{"line":6,"column":9},"end":{"line":6,"column":22}}},"fnMap":{"0":{"name":"(anonymous_0)","decl":{"start":{"line":1,"column":0},"end":{"line":1,"column":5}},"loc":{"start":{"line":1,"column":18},"end":{"line":4,"column":1}}}},"branchMap":{"0":{"loc":{"start":{"line":1,"column":5},"end":{"line":1,"column":null}},"type":"binary-expr","locations":[{"start":{"line":1,"column":5},"end":{"line":1,"column":18}},{"start":{"line":1,"column":5},"end":{"line":1,"column":null}}]}},"s":{"0":5,"1":5,"2":5,"3":5},"f":{"0":5},"b":{"0":[5,5]}}
,"/Users/sivemwanda/Work/Assessments/weatherApp/src/components/button/index.tsx": {"path":"/Users/sivemwanda/Work/Assessments/weatherApp/src/components/button/index.tsx","statementMap":{"0":{"start":{"line":17,"column":6},"end":{"line":17,"column":16}},"1":{"start":{"line":18,"column":38},"end":{"line":27,"column":3}},"2":{"start":{"line":19,"column":4},"end":{"line":26,"column":5}},"3":{"start":{"line":21,"column":8},"end":{"line":21,"column":21}},"4":{"start":{"line":23,"column":8},"end":{"line":23,"column":21}},"5":{"start":{"line":25,"column":8},"end":{"line":25,"column":23}},"6":{"start":{"line":28,"column":2},"end":{"line":35,"column":4}}},"fnMap":{"0":{"name":"Button","decl":{"start":{"line":14,"column":9},"end":{"line":14,"column":15}},"loc":{"start":{"line":14,"column":72},"end":{"line":36,"column":1}},"line":14},"1":{"name":"(anonymous_1)","decl":{"start":{"line":18,"column":38},"end":{"line":18,"column":39}},"loc":{"start":{"line":18,"column":44},"end":{"line":27,"column":3}},"line":18}},"branchMap":{"0":{"loc":{"start":{"line":19,"column":4},"end":{"line":26,"column":5}},"type":"switch","locations":[{"start":{"line":20,"column":6},"end":{"line":21,"column":21}},{"start":{"line":22,"column":6},"end":{"line":23,"column":21}},{"start":{"line":24,"column":6},"end":{"line":25,"column":23}}],"line":19}},"s":{"0":5,"1":5,"2":5,"3":1,"4":1,"5":3,"6":5},"f":{"0":5,"1":5},"b":{"0":[1,1,3]},"_coverageSchema":"1a1c01bbd47fc00a2c39e90264f33305004495a9","hash":"ae655183430204a77452b744756088ed969b41d1"}
,"/Users/sivemwanda/Work/Assessments/weatherApp/src/components/button/styles.ts": {"path":"/Users/sivemwanda/Work/Assessments/weatherApp/src/components/button/styles.ts","statementMap":{"0":{"start":{"line":1,"column":0},"end":{"line":1,"column":46}},"1":{"start":{"line":5,"column":21},"end":{"line":13,"column":2}},"2":{"start":{"line":8,"column":4},"end":{"line":8,"column":28}},"3":{"start":{"line":15,"column":9},"end":{"line":15,"column":21}}},"fnMap":{"0":{"name":"(anonymous_1)","decl":{"start":{"line":7,"column":22},"end":{"line":7,"column":23}},"loc":{"start":{"line":8,"column":4},"end":{"line":8,"column":28}}}},"branchMap":{"0":{"loc":{"start":{"line":8,"column":4},"end":{"line":8,"column":28}},"type":"binary-expr","locations":[{"start":{"line":8,"column":4},"end":{"line":8,"column":19}},{"start":{"line":8,"column":23},"end":{"line":8,"column":28}}]}},"s":{"0":5,"1":5,"2":5,"3":5},"f":{"0":5},"b":{"0":[5,0]}}
,"/Users/sivemwanda/Work/Assessments/weatherApp/src/components/common/index.ts": {"path":"/Users/sivemwanda/Work/Assessments/weatherApp/src/components/common/index.ts","statementMap":{"0":{"start":{"line":1,"column":0},"end":{"line":1,"column":44}},"1":{"start":{"line":2,"column":0},"end":{"line":2,"column":46}},"2":{"start":{"line":5,"column":27},"end":{"line":7,"column":2}},"3":{"start":{"line":42,"column":2},"end":{"line":42,"column":20}},"4":{"start":{"line":9,"column":33},"end":{"line":11,"column":2}},"5":{"start":{"line":40,"column":2},"end":{"line":40,"column":26}},"6":{"start":{"line":13,"column":19},"end":{"line":23,"column":2}},"7":{"start":{"line":19,"column":8},"end":{"line":19,"column":22}},"8":{"start":{"line":20,"column":33},"end":{"line":20,"column":47}},"9":{"start":{"line":21,"column":25},"end":{"line":21,"column":66}},"10":{"start":{"line":22,"column":24},"end":{"line":22,"column":66}},"11":{"start":{"line":43,"column":2},"end":{"line":43,"column":12}},"12":{"start":{"line":25,"column":33},"end":{"line":28,"column":2}},"13":{"start":{"line":41,"column":2},"end":{"line":41,"column":26}},"14":{"start":{"line":30,"column":29},"end":{"line":36,"column":2}},"15":{"start":{"line":39,"column":2},"end":{"line":39,"column":22}}},"fnMap":{"0":{"name":"(anonymous_1)","decl":{"start":{"line":14,"column":11},"end":{"line":14,"column":12}},"loc":{"start":{"line":19,"column":8},"end":{"line":19,"column":22}}},"1":{"name":"(anonymous_2)","decl":{"start":{"line":20,"column":15},"end":{"line":20,"column":16}},"loc":{"start":{"line":20,"column":33},"end":{"line":20,"column":47}}},"2":{"name":"(anonymous_3)","decl":{"start":{"line":21,"column":4},"end":{"line":21,"column":5}},"loc":{"start":{"line":21,"column":25},"end":{"line":21,"column":66}}},"3":{"name":"(anonymous_4)","decl":{"start":{"line":22,"column":4},"end":{"line":22,"column":5}},"loc":{"start":{"line":22,"column":24},"end":{"line":22,"column":66}}}},"branchMap":{"0":{"loc":{"start":{"line":19,"column":8},"end":{"line":19,"column":22}},"type":"binary-expr","locations":[{"start":{"line":19,"column":8},"end":{"line":19,"column":13}},{"start":{"line":19,"column":17},"end":{"line":19,"column":22}}]},"1":{"loc":{"start":{"line":20,"column":33},"end":{"line":20,"column":47}},"type":"binary-expr","locations":[{"start":{"line":20,"column":33},"end":{"line":20,"column":41}},{"start":{"line":20,"column":45},"end":{"line":20,"column":47}}]},"2":{"loc":{"start":{"line":21,"column":25},"end":{"line":21,"column":66}},"type":"binary-expr","locations":[{"start":{"line":21,"column":25},"end":{"line":21,"column":36}},{"start":{"line":21,"column":40},"end":{"line":21,"column":66}}]},"3":{"loc":{"start":{"line":22,"column":24},"end":{"line":22,"column":66}},"type":"binary-expr","locations":[{"start":{"line":22,"column":24},"end":{"line":22,"column":34}},{"start":{"line":22,"column":38},"end":{"line":22,"column":66}}]}},"s":{"0":8,"1":8,"2":8,"3":8,"4":8,"5":8,"6":8,"7":20,"8":20,"9":20,"10":20,"11":8,"12":8,"13":8,"14":8,"15":8},"f":{"0":20,"1":20,"2":20,"3":20},"b":{"0":[20,20],"1":[20,1],"2":[20,2],"3":[20,8]}}
,"/Users/sivemwanda/Work/Assessments/weatherApp/src/components/currentDayWeatherSummary/index.tsx": {"path":"/Users/sivemwanda/Work/Assessments/weatherApp/src/components/currentDayWeatherSummary/index.tsx","statementMap":{"0":{"start":{"line":22,"column":2},"end":{"line":55,"column":4}}},"fnMap":{"0":{"name":"CurrentDayWeatherSummary","decl":{"start":{"line":16,"column":9},"end":{"line":16,"column":33}},"loc":{"start":{"line":21,"column":48},"end":{"line":56,"column":1}},"line":21}},"branchMap":{},"s":{"0":2},"f":{"0":2},"b":{},"_coverageSchema":"1a1c01bbd47fc00a2c39e90264f33305004495a9","hash":"868bb199f3d34a369bd175b7fa55d209260899fb"}
,"/Users/sivemwanda/Work/Assessments/weatherApp/src/components/currentDayWeatherSummary/styles.ts": {"path":"/Users/sivemwanda/Work/Assessments/weatherApp/src/components/currentDayWeatherSummary/styles.ts","statementMap":{"0":{"start":{"line":1,"column":0},"end":{"line":1,"column":46}},"1":{"start":{"line":4,"column":39},"end":{"line":12,"column":2}},"2":{"start":{"line":6,"column":47},"end":{"line":6,"column":62}},"3":{"start":{"line":18,"column":9},"end":{"line":18,"column":39}},"4":{"start":{"line":14,"column":39},"end":{"line":16,"column":2}},"5":{"start":{"line":18,"column":41},"end":{"line":18,"column":71}}},"fnMap":{"0":{"name":"(anonymous_1)","decl":{"start":{"line":6,"column":22},"end":{"line":6,"column":23}},"loc":{"start":{"line":6,"column":47},"end":{"line":6,"column":62}}}},"branchMap":{},"s":{"0":2,"1":2,"2":2,"3":2,"4":2,"5":2},"f":{"0":2},"b":{}}
,"/Users/sivemwanda/Work/Assessments/weatherApp/src/components/currentDayWeatherView/enums.ts": {"path":"/Users/sivemwanda/Work/Assessments/weatherApp/src/components/currentDayWeatherView/enums.ts","statementMap":{"0":{"start":{"line":1,"column":0},"end":{"line":1,"column":null}},"1":{"start":{"line":2,"column":2},"end":{"line":2,"column":null}},"2":{"start":{"line":3,"column":2},"end":{"line":3,"column":null}},"3":{"start":{"line":4,"column":2},"end":{"line":4,"column":null}},"4":{"start":{"line":13,"column":9},"end":{"line":13,"column":25}},"5":{"start":{"line":7,"column":0},"end":{"line":7,"column":null}},"6":{"start":{"line":8,"column":2},"end":{"line":8,"column":null}},"7":{"start":{"line":9,"column":2},"end":{"line":9,"column":null}},"8":{"start":{"line":10,"column":2},"end":{"line":10,"column":null}},"9":{"start":{"line":13,"column":27},"end":{"line":13,"column":47}}},"fnMap":{"0":{"name":"(anonymous_0)","decl":{"start":{"line":1,"column":0},"end":{"line":1,"column":5}},"loc":{"start":{"line":1,"column":21},"end":{"line":5,"column":1}}},"1":{"name":"(anonymous_1)","decl":{"start":{"line":7,"column":0},"end":{"line":7,"column":5}},"loc":{"start":{"line":7,"column":25},"end":{"line":11,"column":1}}}},"branchMap":{"0":{"loc":{"start":{"line":1,"column":5},"end":{"line":1,"column":null}},"type":"binary-expr","locations":[{"start":{"line":1,"column":5},"end":{"line":1,"column":21}},{"start":{"line":1,"column":5},"end":{"line":1,"column":null}}]},"1":{"loc":{"start":{"line":7,"column":5},"end":{"line":7,"column":null}},"type":"binary-expr","locations":[{"start":{"line":7,"column":5},"end":{"line":7,"column":25}},{"start":{"line":7,"column":5},"end":{"line":7,"column":null}}]}},"s":{"0":2,"1":2,"2":2,"3":2,"4":2,"5":2,"6":2,"7":2,"8":2,"9":2},"f":{"0":2,"1":2},"b":{"0":[2,2],"1":[2,2]}}
,"/Users/sivemwanda/Work/Assessments/weatherApp/src/components/currentDayWeatherView/index.tsx": {"path":"/Users/sivemwanda/Work/Assessments/weatherApp/src/components/currentDayWeatherView/index.tsx","statementMap":{"0":{"start":{"line":30,"column":21},"end":{"line":30,"column":31}},"1":{"start":{"line":32,"column":46},"end":{"line":43,"column":3}},"2":{"start":{"line":33,"column":4},"end":{"line":42,"column":5}},"3":{"start":{"line":35,"column":8},"end":{"line":35,"column":42}},"4":{"start":{"line":37,"column":8},"end":{"line":37,"column":43}},"5":{"start":{"line":39,"column":8},"end":{"line":39,"column":42}},"6":{"start":{"line":41,"column":8},"end":{"line":41,"column":42}},"7":{"start":{"line":45,"column":2},"end":{"line":70,"column":4}}},"fnMap":{"0":{"name":"CurrentDayWeatherView","decl":{"start":{"line":21,"column":9},"end":{"line":21,"column":30}},"loc":{"start":{"line":29,"column":45},"end":{"line":71,"column":1}},"line":29},"1":{"name":"(anonymous_1)","decl":{"start":{"line":32,"column":46},"end":{"line":32,"column":47}},"loc":{"start":{"line":32,"column":52},"end":{"line":43,"column":3}},"line":32}},"branchMap":{"0":{"loc":{"start":{"line":33,"column":4},"end":{"line":42,"column":5}},"type":"switch","locations":[{"start":{"line":34,"column":6},"end":{"line":35,"column":42}},{"start":{"line":36,"column":6},"end":{"line":37,"column":43}},{"start":{"line":38,"column":6},"end":{"line":39,"column":42}},{"start":{"line":40,"column":6},"end":{"line":41,"column":42}}],"line":33}},"s":{"0":1,"1":1,"2":2,"3":0,"4":0,"5":0,"6":2,"7":1},"f":{"0":1,"1":2},"b":{"0":[0,0,0,2]},"_coverageSchema":"1a1c01bbd47fc00a2c39e90264f33305004495a9","hash":"79ddecc18b9c8aaa805e99fecf2b2923accc5a70"}
,"/Users/sivemwanda/Work/Assessments/weatherApp/src/components/currentDayWeatherView/styles.ts": {"path":"/Users/sivemwanda/Work/Assessments/weatherApp/src/components/currentDayWeatherView/styles.ts","statementMap":{"0":{"start":{"line":1,"column":0},"end":{"line":1,"column":46}},"1":{"start":{"line":3,"column":45},"end":{"line":5,"column":2}},"2":{"start":{"line":19,"column":2},"end":{"line":19,"column":38}},"3":{"start":{"line":7,"column":36},"end":{"line":11,"column":2}},"4":{"start":{"line":18,"column":2},"end":{"line":18,"column":29}},"5":{"start":{"line":13,"column":26},"end":{"line":15,"column":2}},"6":{"start":{"line":20,"column":2},"end":{"line":20,"column":19}}},"fnMap":{},"branchMap":{},"s":{"0":1,"1":1,"2":1,"3":1,"4":1,"5":1,"6":1},"f":{},"b":{}}
,"/Users/sivemwanda/Work/Assessments/weatherApp/src/components/favoritesButton/index.tsx": {"path":"/Users/sivemwanda/Work/Assessments/weatherApp/src/components/favoritesButton/index.tsx","statementMap":{"0":{"start":{"line":21,"column":6},"end":{"line":21,"column":21}},"1":{"start":{"line":22,"column":2},"end":{"line":36,"column":4}}},"fnMap":{"0":{"name":"FavoritesButton","decl":{"start":{"line":18,"column":9},"end":{"line":18,"column":24}},"loc":{"start":{"line":18,"column":74},"end":{"line":37,"column":1}},"line":18}},"branchMap":{"0":{"loc":{"start":{"line":27,"column":7},"end":{"line":33,"column":7}},"type":"binary-expr","locations":[{"start":{"line":27,"column":7},"end":{"line":27,"column":43}},{"start":{"line":28,"column":8},"end":{"line":32,"column":31}}],"line":27}},"s":{"0":1,"1":1},"f":{"0":1},"b":{"0":[1,0]},"_coverageSchema":"1a1c01bbd47fc00a2c39e90264f33305004495a9","hash":"5707243557566d62d90d97cdf9bd1f5d5df1b4a5"}
,"/Users/sivemwanda/Work/Assessments/weatherApp/src/components/favoritesButton/styles.ts": {"path":"/Users/sivemwanda/Work/Assessments/weatherApp/src/components/favoritesButton/styles.ts","statementMap":{"0":{"start":{"line":1,"column":0},"end":{"line":1,"column":46}},"1":{"start":{"line":4,"column":30},"end":{"line":22,"column":2}},"2":{"start":{"line":12,"column":8},"end":{"line":12,"column":28}},"3":{"start":{"line":17,"column":8},"end":{"line":17,"column":20}},"4":{"start":{"line":21,"column":32},"end":{"line":21,"column":50}},"5":{"start":{"line":42,"column":31},"end":{"line":42,"column":52}},"6":{"start":{"line":24,"column":28},"end":{"line":27,"column":2}},"7":{"start":{"line":42,"column":54},"end":{"line":42,"column":73}},"8":{"start":{"line":29,"column":29},"end":{"line":40,"column":2}},"9":{"start":{"line":34,"column":8},"end":{"line":34,"column":13}},"10":{"start":{"line":42,"column":9},"end":{"line":42,"column":29}}},"fnMap":{"0":{"name":"(anonymous_1)","decl":{"start":{"line":8,"column":12},"end":{"line":8,"column":13}},"loc":{"start":{"line":12,"column":8},"end":{"line":12,"column":28}}},"1":{"name":"(anonymous_2)","decl":{"start":{"line":13,"column":16},"end":{"line":13,"column":17}},"loc":{"start":{"line":17,"column":8},"end":{"line":17,"column":20}}},"2":{"name":"(anonymous_3)","decl":{"start":{"line":21,"column":13},"end":{"line":21,"column":14}},"loc":{"start":{"line":21,"column":32},"end":{"line":21,"column":50}}},"3":{"name":"(anonymous_4)","decl":{"start":{"line":30,"column":16},"end":{"line":30,"column":17}},"loc":{"start":{"line":34,"column":8},"end":{"line":34,"column":13}}}},"branchMap":{"0":{"loc":{"start":{"line":21,"column":32},"end":{"line":21,"column":50}},"type":"cond-expr","locations":[{"start":{"line":21,"column":43},"end":{"line":21,"column":46}},{"start":{"line":21,"column":49},"end":{"line":21,"column":50}}]}},"s":{"0":1,"1":1,"2":1,"3":1,"4":1,"5":1,"6":1,"7":1,"8":1,"9":0,"10":1},"f":{"0":1,"1":1,"2":1,"3":0},"b":{"0":[1,0]}}
,"/Users/sivemwanda/Work/Assessments/weatherApp/src/components/locations/index.tsx": {"path":"/Users/sivemwanda/Work/Assessments/weatherApp/src/components/locations/index.tsx","statementMap":{"0":{"start":{"line":18,"column":4},"end":{"line":18,"column":66}},"1":{"start":{"line":19,"column":2},"end":{"line":37,"column":4}},"2":{"start":{"line":24,"column":41},"end":{"line":24,"column":57}},"3":{"start":{"line":26,"column":12},"end":{"line":28,"column":29}},"4":{"start":{"line":34,"column":23},"end":{"line":34,"column":55}}},"fnMap":{"0":{"name":"Locations","decl":{"start":{"line":16,"column":9},"end":{"line":16,"column":18}},"loc":{"start":{"line":16,"column":64},"end":{"line":38,"column":1}},"line":16},"1":{"name":"(anonymous_1)","decl":{"start":{"line":24,"column":24},"end":{"line":24,"column":25}},"loc":{"start":{"line":24,"column":41},"end":{"line":24,"column":57}},"line":24},"2":{"name":"(anonymous_2)","decl":{"start":{"line":25,"column":22},"end":{"line":25,"column":23}},"loc":{"start":{"line":26,"column":12},"end":{"line":28,"column":29}},"line":26},"3":{"name":"(anonymous_3)","decl":{"start":{"line":34,"column":17},"end":{"line":34,"column":18}},"loc":{"start":{"line":34,"column":23},"end":{"line":34,"column":55}},"line":34}},"branchMap":{},"s":{"0":1,"1":1,"2":0,"3":0,"4":0},"f":{"0":1,"1":0,"2":0,"3":0},"b":{},"_coverageSchema":"1a1c01bbd47fc00a2c39e90264f33305004495a9","hash":"28fa0581b37be9b1c72f34651536784eef802ee8"}
,"/Users/sivemwanda/Work/Assessments/weatherApp/src/components/locations/styles.ts": {"path":"/Users/sivemwanda/Work/Assessments/weatherApp/src/components/locations/styles.ts","statementMap":{"0":{"start":{"line":1,"column":0},"end":{"line":1,"column":46}},"1":{"start":{"line":4,"column":24},"end":{"line":12,"column":2}},"2":{"start":{"line":9,"column":8},"end":{"line":9,"column":20}},"3":{"start":{"line":33,"column":46},"end":{"line":33,"column":61}},"4":{"start":{"line":14,"column":28},"end":{"line":21,"column":2}},"5":{"start":{"line":19,"column":8},"end":{"line":19,"column":13}},"6":{"start":{"line":33,"column":25},"end":{"line":33,"column":44}},"7":{"start":{"line":23,"column":23},"end":{"line":31,"column":2}},"8":{"start":{"line":29,"column":8},"end":{"line":29,"column":15}},"9":{"start":{"line":33,"column":9},"end":{"line":33,"column":23}}},"fnMap":{"0":{"name":"(anonymous_1)","decl":{"start":{"line":5,"column":16},"end":{"line":5,"column":17}},"loc":{"start":{"line":9,"column":8},"end":{"line":9,"column":20}}},"1":{"name":"(anonymous_2)","decl":{"start":{"line":15,"column":11},"end":{"line":15,"column":12}},"loc":{"start":{"line":19,"column":8},"end":{"line":19,"column":13}}},"2":{"name":"(anonymous_3)","decl":{"start":{"line":25,"column":25},"end":{"line":25,"column":26}},"loc":{"start":{"line":29,"column":8},"end":{"line":29,"column":15}}}},"branchMap":{},"s":{"0":1,"1":1,"2":1,"3":1,"4":1,"5":0,"6":1,"7":1,"8":0,"9":1},"f":{"0":1,"1":0,"2":0},"b":{}}
,"/Users/sivemwanda/Work/Assessments/weatherApp/src/components/modal/enums.ts": {"path":"/Users/sivemwanda/Work/Assessments/weatherApp/src/components/modal/enums.ts","statementMap":{"0":{"start":{"line":1,"column":0},"end":{"line":1,"column":null}},"1":{"start":{"line":2,"column":2},"end":{"line":2,"column":null}},"2":{"start":{"line":3,"column":2},"end":{"line":3,"column":null}},"3":{"start":{"line":4,"column":2},"end":{"line":4,"column":null}},"4":{"start":{"line":7,"column":9},"end":{"line":7,"column":18}}},"fnMap":{"0":{"name":"(anonymous_0)","decl":{"start":{"line":1,"column":0},"end":{"line":1,"column":5}},"loc":{"start":{"line":1,"column":14},"end":{"line":5,"column":1}}}},"branchMap":{"0":{"loc":{"start":{"line":1,"column":5},"end":{"line":1,"column":null}},"type":"binary-expr","locations":[{"start":{"line":1,"column":5},"end":{"line":1,"column":14}},{"start":{"line":1,"column":5},"end":{"line":1,"column":null}}]}},"s":{"0":2,"1":2,"2":2,"3":2,"4":2},"f":{"0":2},"b":{"0":[2,2]}}
,"/Users/sivemwanda/Work/Assessments/weatherApp/src/components/modal/index.tsx": {"path":"/Users/sivemwanda/Work/Assessments/weatherApp/src/components/modal/index.tsx","statementMap":{"0":{"start":{"line":41,"column":6},"end":{"line":41,"column":21}},"1":{"start":{"line":44,"column":6},"end":{"line":44,"column":16}},"2":{"start":{"line":46,"column":35},"end":{"line":57,"column":3}},"3":{"start":{"line":47,"column":4},"end":{"line":56,"column":5}},"4":{"start":{"line":49,"column":8},"end":{"line":49,"column":23}},"5":{"start":{"line":51,"column":8},"end":{"line":51,"column":21}},"6":{"start":{"line":53,"column":8},"end":{"line":53,"column":23}},"7":{"start":{"line":55,"column":8},"end":{"line":55,"column":23}},"8":{"start":{"line":59,"column":2},"end":{"line":106,"column":4}},"9":{"start":{"line":83,"column":22},"end":{"line":83,"column":34}},"10":{"start":{"line":84,"column":22},"end":{"line":84,"column":40}},"11":{"start":{"line":93,"column":22},"end":{"line":93,"column":34}},"12":{"start":{"line":94,"column":22},"end":{"line":94,"column":38}}},"fnMap":{"0":{"name":"Modal","decl":{"start":{"line":23,"column":9},"end":{"line":23,"column":14}},"loc":{"start":{"line":23,"column":30},"end":{"line":107,"column":1}},"line":23},"1":{"name":"(anonymous_1)","decl":{"start":{"line":46,"column":35},"end":{"line":46,"column":36}},"loc":{"start":{"line":46,"column":41},"end":{"line":57,"column":3}},"line":46},"2":{"name":"(anonymous_2)","decl":{"start":{"line":82,"column":29},"end":{"line":82,"column":30}},"loc":{"start":{"line":82,"column":35},"end":{"line":85,"column":21}},"line":82},"3":{"name":"(anonymous_3)","decl":{"start":{"line":92,"column":29},"end":{"line":92,"column":30}},"loc":{"start":{"line":92,"column":35},"end":{"line":95,"column":21}},"line":92}},"branchMap":{"0":{"loc":{"start":{"line":47,"column":4},"end":{"line":56,"column":5}},"type":"switch","locations":[{"start":{"line":48,"column":6},"end":{"line":49,"column":23}},{"start":{"line":50,"column":6},"end":{"line":51,"column":21}},{"start":{"line":52,"column":6},"end":{"line":53,"column":23}},{"start":{"line":54,"column":6},"end":{"line":55,"column":23}}],"line":47},"1":{"loc":{"start":{"line":62,"column":25},"end":{"line":62,"column":57}},"type":"binary-expr","locations":[{"start":{"line":62,"column":25},"end":{"line":62,"column":42}},{"start":{"line":62,"column":46},"end":{"line":62,"column":57}}],"line":62},"2":{"loc":{"start":{"line":67,"column":9},"end":{"line":103,"column":9}},"type":"binary-expr","locations":[{"start":{"line":67,"column":9},"end":{"line":67,"column":17}},{"start":{"line":68,"column":10},"end":{"line":102,"column":31}}],"line":67},"3":{"loc":{"start":{"line":80,"column":17},"end":{"line":89,"column":17}},"type":"binary-expr","locations":[{"start":{"line":80,"column":17},"end":{"line":80,"column":32}},{"start":{"line":80,"column":36},"end":{"line":80,"column":56}},{"start":{"line":81,"column":18},"end":{"line":88,"column":20}}],"line":80},"4":{"loc":{"start":{"line":90,"column":17},"end":{"line":99,"column":17}},"type":"binary-expr","locations":[{"start":{"line":90,"column":17},"end":{"line":90,"column":30}},{"start":{"line":90,"column":34},"end":{"line":90,"column":52}},{"start":{"line":91,"column":18},"end":{"line":98,"column":20}}],"line":90}},"s":{"0":1,"1":1,"2":1,"3":1,"4":0,"5":0,"6":1,"7":0,"8":1,"9":0,"10":0,"11":0,"12":0},"f":{"0":1,"1":1,"2":0,"3":0},"b":{"0":[0,0,1,0],"1":[1,0],"2":[1,1],"3":[1,1,1],"4":[1,1,1]},"_coverageSchema":"1a1c01bbd47fc00a2c39e90264f33305004495a9","hash":"ddd02493cece18e325567e6e55997b8adbdc03d7"}
,"/Users/sivemwanda/Work/Assessments/weatherApp/src/components/modal/styles.ts": {"path":"/Users/sivemwanda/Work/Assessments/weatherApp/src/components/modal/styles.ts","statementMap":{"0":{"start":{"line":1,"column":0},"end":{"line":1,"column":37}},"1":{"start":{"line":2,"column":0},"end":{"line":2,"column":46}},"2":{"start":{"line":6,"column":20},"end":{"line":8,"column":2}},"3":{"start":{"line":52,"column":2},"end":{"line":52,"column":13}},"4":{"start":{"line":10,"column":26},"end":{"line":14,"column":2}},"5":{"start":{"line":11,"column":47},"end":{"line":11,"column":62}},"6":{"start":{"line":55,"column":2},"end":{"line":55,"column":19}},"7":{"start":{"line":15,"column":24},"end":{"line":18,"column":2}},"8":{"start":{"line":53,"column":2},"end":{"line":53,"column":17}},"9":{"start":{"line":19,"column":26},"end":{"line":22,"column":2}},"10":{"start":{"line":54,"column":2},"end":{"line":54,"column":19}},"11":{"start":{"line":24,"column":27},"end":{"line":33,"column":2}},"12":{"start":{"line":30,"column":8},"end":{"line":30,"column":20}},"13":{"start":{"line":57,"column":2},"end":{"line":57,"column":20}},"14":{"start":{"line":35,"column":25},"end":{"line":49,"column":2}},"15":{"start":{"line":41,"column":8},"end":{"line":41,"column":13}},"16":{"start":{"line":46,"column":8},"end":{"line":46,"column":24}},"17":{"start":{"line":56,"column":2},"end":{"line":56,"column":18}}},"fnMap":{"0":{"name":"(anonymous_1)","decl":{"start":{"line":11,"column":22},"end":{"line":11,"column":23}},"loc":{"start":{"line":11,"column":47},"end":{"line":11,"column":62}}},"1":{"name":"(anonymous_2)","decl":{"start":{"line":26,"column":22},"end":{"line":26,"column":23}},"loc":{"start":{"line":30,"column":8},"end":{"line":30,"column":20}}},"2":{"name":"(anonymous_3)","decl":{"start":{"line":37,"column":22},"end":{"line":37,"column":23}},"loc":{"start":{"line":41,"column":8},"end":{"line":41,"column":13}}},"3":{"name":"(anonymous_4)","decl":{"start":{"line":42,"column":11},"end":{"line":42,"column":12}},"loc":{"start":{"line":46,"column":8},"end":{"line":46,"column":24}}}},"branchMap":{},"s":{"0":2,"1":2,"2":2,"3":2,"4":2,"5":0,"6":2,"7":2,"8":2,"9":2,"10":2,"11":2,"12":0,"13":2,"14":2,"15":0,"16":0,"17":2},"f":{"0":0,"1":0,"2":0,"3":0},"b":{}}
,"/Users/sivemwanda/Work/Assessments/weatherApp/src/components/temperatureInDegrees/index.tsx": {"path":"/Users/sivemwanda/Work/Assessments/weatherApp/src/components/temperatureInDegrees/index.tsx","statementMap":{"0":{"start":{"line":20,"column":2},"end":{"line":31,"column":4}}},"fnMap":{"0":{"name":"TemperatureInDegrees","decl":{"start":{"line":12,"column":9},"end":{"line":12,"column":29}},"loc":{"start":{"line":19,"column":44},"end":{"line":32,"column":1}},"line":19}},"branchMap":{},"s":{"0":8},"f":{"0":8},"b":{},"_coverageSchema":"1a1c01bbd47fc00a2c39e90264f33305004495a9","hash":"4da95fc9ef6e3a4e3560a454c0a179b5c7d13f0b"}
,"/Users/sivemwanda/Work/Assessments/weatherApp/src/components/temperatureInDegrees/styles.ts": {"path":"/Users/sivemwanda/Work/Assessments/weatherApp/src/components/temperatureInDegrees/styles.ts","statementMap":{"0":{"start":{"line":1,"column":0},"end":{"line":1,"column":46}},"1":{"start":{"line":4,"column":35},"end":{"line":6,"column":2}},"2":{"start":{"line":23,"column":29},"end":{"line":23,"column":55}},"3":{"start":{"line":8,"column":27},"end":{"line":21,"column":2}},"4":{"start":{"line":11,"column":33},"end":{"line":11,"column":52}},"5":{"start":{"line":12,"column":32},"end":{"line":12,"column":48}},"6":{"start":{"line":13,"column":31},"end":{"line":13,"column":47}},"7":{"start":{"line":20,"column":8},"end":{"line":20,"column":13}},"8":{"start":{"line":23,"column":9},"end":{"line":23,"column":27}}},"fnMap":{"0":{"name":"(anonymous_1)","decl":{"start":{"line":11,"column":11},"end":{"line":11,"column":12}},"loc":{"start":{"line":11,"column":33},"end":{"line":11,"column":52}}},"1":{"name":"(anonymous_2)","decl":{"start":{"line":12,"column":12},"end":{"line":12,"column":13}},"loc":{"start":{"line":12,"column":32},"end":{"line":12,"column":48}}},"2":{"name":"(anonymous_3)","decl":{"start":{"line":13,"column":11},"end":{"line":13,"column":12}},"loc":{"start":{"line":13,"column":31},"end":{"line":13,"column":47}}},"3":{"name":"(anonymous_4)","decl":{"start":{"line":16,"column":18},"end":{"line":16,"column":19}},"loc":{"start":{"line":20,"column":8},"end":{"line":20,"column":13}}}},"branchMap":{"0":{"loc":{"start":{"line":11,"column":33},"end":{"line":11,"column":52}},"type":"binary-expr","locations":[{"start":{"line":11,"column":33},"end":{"line":11,"column":45}},{"start":{"line":11,"column":49},"end":{"line":11,"column":52}}]},"1":{"loc":{"start":{"line":12,"column":32},"end":{"line":12,"column":48}},"type":"binary-expr","locations":[{"start":{"line":12,"column":32},"end":{"line":12,"column":42}},{"start":{"line":12,"column":46},"end":{"line":12,"column":48}}]},"2":{"loc":{"start":{"line":13,"column":31},"end":{"line":13,"column":47}},"type":"binary-expr","locations":[{"start":{"line":13,"column":31},"end":{"line":13,"column":41}},{"start":{"line":13,"column":45},"end":{"line":13,"column":47}}]}},"s":{"0":4,"1":4,"2":4,"3":4,"4":8,"5":8,"6":8,"7":8,"8":4},"f":{"0":8,"1":8,"2":8,"3":8},"b":{"0":[8,2],"1":[8,2],"2":[8,2]}}
,"/Users/sivemwanda/Work/Assessments/weatherApp/src/components/textInput/index.tsx": {"path":"/Users/sivemwanda/Work/Assessments/weatherApp/src/components/textInput/index.tsx","statementMap":{"0":{"start":{"line":28,"column":6},"end":{"line":28,"column":16}},"1":{"start":{"line":30,"column":2},"end":{"line":48,"column":4}}},"fnMap":{"0":{"name":"TextInput","decl":{"start":{"line":17,"column":9},"end":{"line":17,"column":18}},"loc":{"start":{"line":25,"column":33},"end":{"line":49,"column":1}},"line":25}},"branchMap":{"0":{"loc":{"start":{"line":32,"column":7},"end":{"line":32,"column":66}},"type":"cond-expr","locations":[{"start":{"line":32,"column":15},"end":{"line":32,"column":59}},{"start":{"line":32,"column":62},"end":{"line":32,"column":66}}],"line":32},"1":{"loc":{"start":{"line":36,"column":25},"end":{"line":36,"column":42}},"type":"cond-expr","locations":[{"start":{"line":36,"column":37},"end":{"line":36,"column":38}},{"start":{"line":36,"column":41},"end":{"line":36,"column":42}}],"line":36},"2":{"loc":{"start":{"line":43,"column":9},"end":{"line":45,"column":16}},"type":"cond-expr","locations":[{"start":{"line":44,"column":10},"end":{"line":44,"column":75}},{"start":{"line":45,"column":12},"end":{"line":45,"column":16}}],"line":43}},"s":{"0":3,"1":3},"f":{"0":3},"b":{"0":[0,3],"1":[0,3],"2":[0,3]},"_coverageSchema":"1a1c01bbd47fc00a2c39e90264f33305004495a9","hash":"19d85bee4e3d72e8b0bb0984bf1f6955e97b13c5"}
,"/Users/sivemwanda/Work/Assessments/weatherApp/src/components/textInput/styles.ts": {"path":"/Users/sivemwanda/Work/Assessments/weatherApp/src/components/textInput/styles.ts","statementMap":{"0":{"start":{"line":1,"column":0},"end":{"line":1,"column":46}},"1":{"start":{"line":4,"column":24},"end":{"line":14,"column":2}},"2":{"start":{"line":13,"column":8},"end":{"line":13,"column":13}},"3":{"start":{"line":80,"column":2},"end":{"line":80,"column":17}},"4":{"start":{"line":16,"column":27},"end":{"line":34,"column":2}},"5":{"start":{"line":24,"column":8},"end":{"line":24,"column":28}},"6":{"start":{"line":29,"column":8},"end":{"line":29,"column":20}},"7":{"start":{"line":79,"column":2},"end":{"line":79,"column":20}},"8":{"start":{"line":36,"column":19},"end":{"line":41,"column":2}},"9":{"start":{"line":78,"column":2},"end":{"line":78,"column":12}},"10":{"start":{"line":43,"column":24},"end":{"line":51,"column":2}},"11":{"start":{"line":75,"column":2},"end":{"line":75,"column":17}},"12":{"start":{"line":53,"column":25},"end":{"line":60,"column":2}},"13":{"start":{"line":58,"column":8},"end":{"line":58,"column":15}},"14":{"start":{"line":77,"column":2},"end":{"line":77,"column":18}},"15":{"start":{"line":62,"column":27},"end":{"line":72,"column":2}},"16":{"start":{"line":67,"column":8},"end":{"line":67,"column":13}},"17":{"start":{"line":76,"column":2},"end":{"line":76,"column":20}}},"fnMap":{"0":{"name":"(anonymous_1)","decl":{"start":{"line":9,"column":11},"end":{"line":9,"column":12}},"loc":{"start":{"line":13,"column":8},"end":{"line":13,"column":13}}},"1":{"name":"(anonymous_2)","decl":{"start":{"line":20,"column":12},"end":{"line":20,"column":13}},"loc":{"start":{"line":24,"column":8},"end":{"line":24,"column":28}}},"2":{"name":"(anonymous_3)","decl":{"start":{"line":25,"column":22},"end":{"line":25,"column":23}},"loc":{"start":{"line":29,"column":8},"end":{"line":29,"column":20}}},"3":{"name":"(anonymous_4)","decl":{"start":{"line":54,"column":11},"end":{"line":54,"column":12}},"loc":{"start":{"line":58,"column":8},"end":{"line":58,"column":15}}},"4":{"name":"(anonymous_5)","decl":{"start":{"line":63,"column":11},"end":{"line":63,"column":12}},"loc":{"start":{"line":67,"column":8},"end":{"line":67,"column":13}}}},"branchMap":{},"s":{"0":2,"1":2,"2":3,"3":2,"4":2,"5":3,"6":3,"7":2,"8":2,"9":2,"10":2,"11":2,"12":2,"13":0,"14":2,"15":2,"16":0,"17":2},"f":{"0":3,"1":3,"2":3,"3":0,"4":0},"b":{}}
,"/Users/sivemwanda/Work/Assessments/weatherApp/src/components/weatherForecastView/index.tsx": {"path":"/Users/sivemwanda/Work/Assessments/weatherApp/src/components/weatherForecastView/index.tsx","statementMap":{"0":{"start":{"line":29,"column":6},"end":{"line":29,"column":16}},"1":{"start":{"line":31,"column":24},"end":{"line":42,"column":3}},"2":{"start":{"line":32,"column":4},"end":{"line":41,"column":5}},"3":{"start":{"line":34,"column":8},"end":{"line":34,"column":31}},"4":{"start":{"line":36,"column":8},"end":{"line":36,"column":32}},"5":{"start":{"line":38,"column":8},"end":{"line":38,"column":31}},"6":{"start":{"line":40,"column":8},"end":{"line":40,"column":31}},"7":{"start":{"line":44,"column":30},"end":{"line":55,"column":3}},"8":{"start":{"line":45,"column":4},"end":{"line":54,"column":5}},"9":{"start":{"line":47,"column":8},"end":{"line":47,"column":21}},"10":{"start":{"line":49,"column":8},"end":{"line":49,"column":22}},"11":{"start":{"line":51,"column":8},"end":{"line":51,"column":21}},"12":{"start":{"line":53,"column":8},"end":{"line":53,"column":21}},"13":{"start":{"line":57,"column":2},"end":{"line":85,"column":4}},"14":{"start":{"line":63,"column":10},"end":{"line":80,"column":38}}},"fnMap":{"0":{"name":"WeatherForecastView","decl":{"start":{"line":22,"column":9},"end":{"line":22,"column":28}},"loc":{"start":{"line":26,"column":43},"end":{"line":86,"column":1}},"line":26},"1":{"name":"(anonymous_1)","decl":{"start":{"line":31,"column":24},"end":{"line":31,"column":25}},"loc":{"start":{"line":31,"column":42},"end":{"line":42,"column":3}},"line":31},"2":{"name":"(anonymous_2)","decl":{"start":{"line":44,"column":30},"end":{"line":44,"column":31}},"loc":{"start":{"line":44,"column":36},"end":{"line":55,"column":3}},"line":44},"3":{"name":"(anonymous_3)","decl":{"start":{"line":62,"column":29},"end":{"line":62,"column":30}},"loc":{"start":{"line":63,"column":10},"end":{"line":80,"column":38}},"line":63}},"branchMap":{"0":{"loc":{"start":{"line":32,"column":4},"end":{"line":41,"column":5}},"type":"switch","locations":[{"start":{"line":33,"column":6},"end":{"line":34,"column":31}},{"start":{"line":35,"column":6},"end":{"line":36,"column":32}},{"start":{"line":37,"column":6},"end":{"line":38,"column":31}},{"start":{"line":39,"column":6},"end":{"line":40,"column":31}}],"line":32},"1":{"loc":{"start":{"line":45,"column":4},"end":{"line":54,"column":5}},"type":"switch","locations":[{"start":{"line":46,"column":6},"end":{"line":47,"column":21}},{"start":{"line":48,"column":6},"end":{"line":49,"column":22}},{"start":{"line":50,"column":6},"end":{"line":51,"column":21}},{"start":{"line":52,"column":6},"end":{"line":53,"column":21}}],"line":45}},"s":{"0":1,"1":1,"2":0,"3":0,"4":0,"5":0,"6":0,"7":1,"8":1,"9":0,"10":0,"11":0,"12":1,"13":1,"14":0},"f":{"0":1,"1":0,"2":1,"3":0},"b":{"0":[0,0,0,0],"1":[0,0,0,1]},"_coverageSchema":"1a1c01bbd47fc00a2c39e90264f33305004495a9","hash":"3aa76c37f23571a8b0c2c5cd7d860cbaaf0c132e"}
,"/Users/sivemwanda/Work/Assessments/weatherApp/src/components/weatherForecastView/styles.ts": {"path":"/Users/sivemwanda/Work/Assessments/weatherApp/src/components/weatherForecastView/styles.ts","statementMap":{"0":{"start":{"line":1,"column":0},"end":{"line":1,"column":46}},"1":{"start":{"line":7,"column":43},"end":{"line":12,"column":2}},"2":{"start":{"line":10,"column":47},"end":{"line":10,"column":62}},"3":{"start":{"line":48,"column":2},"end":{"line":48,"column":36}},"4":{"start":{"line":14,"column":34},"end":{"line":20,"column":2}},"5":{"start":{"line":19,"column":40},"end":{"line":19,"column":63}},"6":{"start":{"line":47,"column":2},"end":{"line":47,"column":27}},"7":{"start":{"line":22,"column":30},"end":{"line":25,"column":2}},"8":{"start":{"line":45,"column":2},"end":{"line":45,"column":23}},"9":{"start":{"line":27,"column":26},"end":{"line":30,"column":2}},"10":{"start":{"line":49,"column":2},"end":{"line":49,"column":19}},"11":{"start":{"line":32,"column":27},"end":{"line":34,"column":2}},"12":{"start":{"line":44,"column":2},"end":{"line":44,"column":20}},"13":{"start":{"line":36,"column":35},"end":{"line":41,"column":2}},"14":{"start":{"line":46,"column":2},"end":{"line":46,"column":28}}},"fnMap":{"0":{"name":"(anonymous_1)","decl":{"start":{"line":10,"column":22},"end":{"line":10,"column":23}},"loc":{"start":{"line":10,"column":47},"end":{"line":10,"column":62}}},"1":{"name":"(anonymous_2)","decl":{"start":{"line":19,"column":19},"end":{"line":19,"column":20}},"loc":{"start":{"line":19,"column":40},"end":{"line":19,"column":63}}}},"branchMap":{"0":{"loc":{"start":{"line":19,"column":40},"end":{"line":19,"column":63}},"type":"cond-expr","locations":[{"start":{"line":19,"column":53},"end":{"line":19,"column":59}},{"start":{"line":19,"column":62},"end":{"line":19,"column":63}}]}},"s":{"0":1,"1":1,"2":1,"3":1,"4":1,"5":0,"6":1,"7":1,"8":1,"9":1,"10":1,"11":1,"12":1,"13":1,"14":1},"f":{"0":1,"1":0},"b":{"0":[0,0]}}
,"/Users/sivemwanda/Work/Assessments/weatherApp/src/context/index.tsx": {"path":"/Users/sivemwanda/Work/Assessments/weatherApp/src/context/index.tsx","statementMap":{"0":{"start":{"line":15,"column":19},"end":{"line":29,"column":2}},"1":{"start":{"line":21,"column":21},"end":{"line":21,"column":26}},"2":{"start":{"line":22,"column":21},"end":{"line":22,"column":26}},"3":{"start":{"line":26,"column":25},"end":{"line":26,"column":30}},"4":{"start":{"line":27,"column":31},"end":{"line":27,"column":36}},"5":{"start":{"line":31,"column":29},"end":{"line":31,"column":57}},"6":{"start":{"line":31,"column":35},"end":{"line":31,"column":57}},"7":{"start":{"line":33,"column":27},"end":{"line":124,"column":1}},"8":{"start":{"line":34,"column":38},"end":{"line":34,"column":73}},"9":{"start":{"line":35,"column":32},"end":{"line":37,"column":3}},"10":{"start":{"line":38,"column":29},"end":{"line":38,"column":43}},"11":{"start":{"line":40,"column":20},"end":{"line":66,"column":3}},"12":{"start":{"line":52,"column":6},"end":{"line":63,"column":9}},"13":{"start":{"line":68,"column":20},"end":{"line":70,"column":8}},"14":{"start":{"line":69,"column":4},"end":{"line":69,"column":32}},"15":{"start":{"line":72,"column":24},"end":{"line":74,"column":8}},"16":{"start":{"line":73,"column":4},"end":{"line":73,"column":27}},"17":{"start":{"line":76,"column":30},"end":{"line":103,"column":3}},"18":{"start":{"line":78,"column":42},"end":{"line":83,"column":7}},"19":{"start":{"line":80,"column":10},"end":{"line":82,"column":58}},"20":{"start":{"line":85,"column":6},"end":{"line":95,"column":7}},"21":{"start":{"line":86,"column":8},"end":{"line":94,"column":11}},"22":{"start":{"line":97,"column":6},"end":{"line":97,"column":49}},"23":{"start":{"line":99,"column":6},"end":{"line":99,"column":33}},"24":{"start":{"line":100,"column":6},"end":{"line":100,"column":37}},"25":{"start":{"line":105,"column":2},"end":{"line":123,"column":4}}},"fnMap":{"0":{"name":"(anonymous_0)","decl":{"start":{"line":21,"column":15},"end":{"line":21,"column":16}},"loc":{"start":{"line":21,"column":21},"end":{"line":21,"column":26}},"line":21},"1":{"name":"(anonymous_1)","decl":{"start":{"line":22,"column":15},"end":{"line":22,"column":16}},"loc":{"start":{"line":22,"column":21},"end":{"line":22,"column":26}},"line":22},"2":{"name":"(anonymous_2)","decl":{"start":{"line":26,"column":19},"end":{"line":26,"column":20}},"loc":{"start":{"line":26,"column":25},"end":{"line":26,"column":30}},"line":26},"3":{"name":"(anonymous_3)","decl":{"start":{"line":27,"column":25},"end":{"line":27,"column":26}},"loc":{"start":{"line":27,"column":31},"end":{"line":27,"column":36}},"line":27},"4":{"name":"(anonymous_4)","decl":{"start":{"line":31,"column":29},"end":{"line":31,"column":30}},"loc":{"start":{"line":31,"column":35},"end":{"line":31,"column":57}},"line":31},"5":{"name":"(anonymous_5)","decl":{"start":{"line":33,"column":27},"end":{"line":33,"column":28}},"loc":{"start":{"line":33,"column":60},"end":{"line":124,"column":1}},"line":33},"6":{"name":"(anonymous_6)","decl":{"start":{"line":41,"column":4},"end":{"line":41,"column":5}},"loc":{"start":{"line":51,"column":23},"end":{"line":64,"column":5}},"line":51},"7":{"name":"(anonymous_7)","decl":{"start":{"line":68,"column":32},"end":{"line":68,"column":33}},"loc":{"start":{"line":68,"column":38},"end":{"line":70,"column":3}},"line":68},"8":{"name":"(anonymous_8)","decl":{"start":{"line":72,"column":36},"end":{"line":72,"column":37}},"loc":{"start":{"line":72,"column":71},"end":{"line":74,"column":3}},"line":72},"9":{"name":"(anonymous_9)","decl":{"start":{"line":77,"column":4},"end":{"line":77,"column":5}},"loc":{"start":{"line":77,"column":30},"end":{"line":101,"column":5}},"line":77},"10":{"name":"(anonymous_10)","decl":{"start":{"line":79,"column":8},"end":{"line":79,"column":9}},"loc":{"start":{"line":80,"column":10},"end":{"line":82,"column":58}},"line":80}},"branchMap":{"0":{"loc":{"start":{"line":80,"column":10},"end":{"line":82,"column":58}},"type":"binary-expr","locations":[{"start":{"line":80,"column":10},"end":{"line":80,"column":36}},{"start":{"line":81,"column":10},"end":{"line":81,"column":56}},{"start":{"line":82,"column":10},"end":{"line":82,"column":58}}],"line":80},"1":{"loc":{"start":{"line":85,"column":6},"end":{"line":95,"column":7}},"type":"if","locations":[{"start":{"line":85,"column":6},"end":{"line":95,"column":7}},{"start":{},"end":{}}],"line":85}},"s":{"0":2,"1":0,"2":0,"3":0,"4":0,"5":2,"6":2,"7":2,"8":0,"9":0,"10":0,"11":0,"12":0,"13":0,"14":0,"15":0,"16":0,"17":0,"18":0,"19":0,"20":0,"21":0,"22":0,"23":0,"24":0,"25":0},"f":{"0":0,"1":0,"2":0,"3":0,"4":2,"5":0,"6":0,"7":0,"8":0,"9":0,"10":0},"b":{"0":[0,0,0],"1":[0,0]},"_coverageSchema":"1a1c01bbd47fc00a2c39e90264f33305004495a9","hash":"9462f3e3d84dc918431a8b990002c00e8e41b10c"}
,"/Users/sivemwanda/Work/Assessments/weatherApp/src/context/mockData/index.ts": {"path":"/Users/sivemwanda/Work/Assessments/weatherApp/src/context/mockData/index.ts","statementMap":{"0":{"start":{"line":1,"column":0},"end":{"line":1,"column":57}},"1":{"start":{"line":4,"column":34},"end":{"line":15,"column":2}},"2":{"start":{"line":8,"column":23},"end":{"line":8,"column":28}},"3":{"start":{"line":9,"column":25},"end":{"line":9,"column":30}},"4":{"start":{"line":23,"column":9},"end":{"line":23,"column":21}},"5":{"start":{"line":17,"column":41},"end":{"line":21,"column":2}},"6":{"start":{"line":19,"column":23},"end":{"line":19,"column":28}},"7":{"start":{"line":20,"column":29},"end":{"line":20,"column":34}},"8":{"start":{"line":23,"column":23},"end":{"line":23,"column":41}}},"fnMap":{"0":{"name":"(anonymous_0)","decl":{"start":{"line":8,"column":17},"end":{"line":8,"column":20}},"loc":{"start":{"line":8,"column":23},"end":{"line":8,"column":28}}},"1":{"name":"(anonymous_1)","decl":{"start":{"line":9,"column":19},"end":{"line":9,"column":22}},"loc":{"start":{"line":9,"column":25},"end":{"line":9,"column":30}}},"2":{"name":"(anonymous_2)","decl":{"start":{"line":19,"column":17},"end":{"line":19,"column":20}},"loc":{"start":{"line":19,"column":23},"end":{"line":19,"column":28}}},"3":{"name":"(anonymous_3)","decl":{"start":{"line":20,"column":23},"end":{"line":20,"column":26}},"loc":{"start":{"line":20,"column":29},"end":{"line":20,"column":34}}}},"branchMap":{},"s":{"0":2,"1":2,"2":0,"3":0,"4":2,"5":2,"6":0,"7":0,"8":2},"f":{"0":0,"1":0,"2":0,"3":0},"b":{}}
,"/Users/sivemwanda/Work/Assessments/weatherApp/src/hooks/useHydration/index.ts": {"path":"/Users/sivemwanda/Work/Assessments/weatherApp/src/hooks/useHydration/index.ts","statementMap":{"0":{"start":{"line":1,"column":0},"end":{"line":1,"column":69}},"1":{"start":{"line":2,"column":0},"end":{"line":2,"column":46}},"2":{"start":{"line":3,"column":0},"end":{"line":3,"column":46}},"3":{"start":{"line":9,"column":6},"end":{"line":9,"column":21}},"4":{"start":{"line":11,"column":52},"end":{"line":11,"column":67}},"5":{"start":{"line":13,"column":25},"end":{"line":21,"column":21}},"6":{"start":{"line":14,"column":31},"end":{"line":14,"column":68}},"7":{"start":{"line":16,"column":4},"end":{"line":20,"column":null}},"8":{"start":{"line":17,"column":28},"end":{"line":17,"column":79}},"9":{"start":{"line":19,"column":6},"end":{"line":19,"column":35}},"10":{"start":{"line":23,"column":25},"end":{"line":29,"column":null}},"11":{"start":{"line":25,"column":6},"end":{"line":25,"column":76}},"12":{"start":{"line":27,"column":6},"end":{"line":27,"column":33}},"13":{"start":{"line":32,"column":2},"end":{"line":36,"column":4}},"14":{"start":{"line":39,"column":0},"end":{"line":39,"column":28}}},"fnMap":{"0":{"name":"useHydration","decl":{"start":{"line":6,"column":9},"end":{"line":6,"column":21}},"loc":{"start":{"line":6,"column":21},"end":{"line":37,"column":1}}},"1":{"name":"(anonymous_2)","decl":{"start":{"line":13,"column":37},"end":{"line":13,"column":42}},"loc":{"start":{"line":13,"column":48},"end":{"line":21,"column":3}}},"2":{"name":"(anonymous_3)","decl":{"start":{"line":24,"column":4},"end":{"line":24,"column":9}},"loc":{"start":{"line":24,"column":48},"end":{"line":28,"column":5}}}},"branchMap":{"0":{"loc":{"start":{"line":16,"column":4},"end":{"line":20,"column":null}},"type":"if","locations":[{"start":{"line":16,"column":4},"end":{"line":20,"column":null}}]}},"s":{"0":2,"1":2,"2":2,"3":0,"4":0,"5":0,"6":0,"7":0,"8":0,"9":0,"10":0,"11":0,"12":0,"13":0,"14":2},"f":{"0":0,"1":0,"2":0},"b":{"0":[0]}}
,"/Users/sivemwanda/Work/Assessments/weatherApp/src/theme/index.ts": {"path":"/Users/sivemwanda/Work/Assessments/weatherApp/src/theme/index.ts","statementMap":{"0":{"start":{"line":1,"column":0},"end":{"line":1,"column":42}},"1":{"start":{"line":4,"column":13},"end":{"line":20,"column":2}}},"fnMap":{},"branchMap":{},"s":{"0":12,"1":12},"f":{},"b":{}}
,"/Users/sivemwanda/Work/Assessments/weatherApp/src/utils/index.ts": {"path":"/Users/sivemwanda/Work/Assessments/weatherApp/src/utils/index.ts","statementMap":{"0":{"start":{"line":10,"column":23},"end":{"line":14,"column":2}},"1":{"start":{"line":10,"column":44},"end":{"line":14,"column":2}},"2":{"start":{"line":158,"column":2},"end":{"line":158,"column":16}},"3":{"start":{"line":16,"column":25},"end":{"line":20,"column":2}},"4":{"start":{"line":16,"column":47},"end":{"line":20,"column":2}},"5":{"start":{"line":159,"column":2},"end":{"line":159,"column":18}},"6":{"start":{"line":22,"column":36},"end":{"line":35,"column":1}},"7":{"start":{"line":25,"column":44},"end":{"line":32,"column":4}},"8":{"start":{"line":34,"column":2},"end":{"line":34,"column":27}},"9":{"start":{"line":156,"column":2},"end":{"line":156,"column":29}},"10":{"start":{"line":37,"column":28},"end":{"line":45,"column":1}},"11":{"start":{"line":38,"column":15},"end":{"line":38,"column":34}},"12":{"start":{"line":40,"column":20},"end":{"line":42,"column":18}},"13":{"start":{"line":44,"column":2},"end":{"line":44,"column":19}},"14":{"start":{"line":47,"column":38},"end":{"line":61,"column":1}},"15":{"start":{"line":50,"column":44},"end":{"line":55,"column":null}},"16":{"start":{"line":51,"column":22},"end":{"line":55,"column":6}},"17":{"start":{"line":58,"column":28},"end":{"line":58,"column":65}},"18":{"start":{"line":60,"column":2},"end":{"line":60,"column":27}},"19":{"start":{"line":157,"column":2},"end":{"line":157,"column":31}},"20":{"start":{"line":63,"column":31},"end":{"line":95,"column":1}},"21":{"start":{"line":64,"column":52},"end":{"line":64,"column":54}},"22":{"start":{"line":66,"column":2},"end":{"line":90,"column":null}},"23":{"start":{"line":71,"column":28},"end":{"line":71,"column":58}},"24":{"start":{"line":73,"column":45},"end":{"line":77,"column":20}},"25":{"start":{"line":79,"column":4},"end":{"line":89,"column":null}},"26":{"start":{"line":80,"column":6},"end":{"line":82,"column":8}},"27":{"start":{"line":84,"column":6},"end":{"line":88,"column":8}},"28":{"start":{"line":92,"column":32},"end":{"line":92,"column":71}},"29":{"start":{"line":94,"column":2},"end":{"line":94,"column":31}},"30":{"start":{"line":97,"column":27},"end":{"line":112,"column":1}},"31":{"start":{"line":98,"column":52},"end":{"line":98,"column":54}},"32":{"start":{"line":99,"column":2},"end":{"line":109,"column":null}},"33":{"start":{"line":100,"column":4},"end":{"line":108,"column":7}},"34":{"start":{"line":111,"column":2},"end":{"line":111,"column":31}},"35":{"start":{"line":114,"column":41},"end":{"line":116,"column":21}},"36":{"start":{"line":115,"column":2},"end":{"line":116,"column":21}},"37":{"start":{"line":115,"column":44},"end":{"line":115,"column":61}},"38":{"start":{"line":118,"column":17},"end":{"line":119,"column":75}},"39":{"start":{"line":119,"column":2},"end":{"line":119,"column":75}},"40":{"start":{"line":161,"column":2},"end":{"line":161,"column":10}},"41":{"start":{"line":123,"column":47},"end":{"line":123,"column":70}},"42":{"start":{"line":123,"column":64},"end":{"line":123,"column":69}},"43":{"start":{"line":124,"column":19},"end":{"line":128,"column":3}},"44":{"start":{"line":125,"column":4},"end":{"line":125,"column":26}},"45":{"start":{"line":127,"column":4},"end":{"line":127,"column":57}},"46":{"start":{"line":127,"column":31},"end":{"line":127,"column":48}},"47":{"start":{"line":129,"column":2},"end":{"line":129,"column":28}},"48":{"start":{"line":155,"column":2},"end":{"line":155,"column":10}},"49":{"start":{"line":132,"column":20},"end":{"line":152,"column":1}},"50":{"start":{"line":133,"column":2},"end":{"line":151,"column":null}},"51":{"start":{"line":134,"column":21},"end":{"line":136,"column":6}},"52":{"start":{"line":138,"column":4},"end":{"line":144,"column":null}},"53":{"start":{"line":139,"column":20},"end":{"line":139,"column":41}},"54":{"start":{"line":140,"column":22},"end":{"line":140,"column":48}},"55":{"start":{"line":141,"column":6},"end":{"line":143,"column":8}},"56":{"start":{"line":146,"column":19},"end":{"line":146,"column":40}},"57":{"start":{"line":148,"column":4},"end":{"line":148,"column":36}},"58":{"start":{"line":150,"column":4},"end":{"line":150,"column":33}},"59":{"start":{"line":160,"column":2},"end":{"line":160,"column":13}}},"fnMap":{"0":{"name":"(anonymous_0)","decl":{"start":{"line":10,"column":23},"end":{"line":10,"column":24}},"loc":{"start":{"line":10,"column":44},"end":{"line":14,"column":2}}},"1":{"name":"(anonymous_1)","decl":{"start":{"line":16,"column":25},"end":{"line":16,"column":26}},"loc":{"start":{"line":16,"column":47},"end":{"line":20,"column":2}}},"2":{"name":"(anonymous_2)","decl":{"start":{"line":22,"column":36},"end":{"line":22,"column":null}},"loc":{"start":{"line":24,"column":20},"end":{"line":35,"column":1}}},"3":{"name":"(anonymous_3)","decl":{"start":{"line":37,"column":28},"end":{"line":37,"column":29}},"loc":{"start":{"line":37,"column":50},"end":{"line":45,"column":1}}},"4":{"name":"(anonymous_4)","decl":{"start":{"line":47,"column":38},"end":{"line":47,"column":null}},"loc":{"start":{"line":49,"column":24},"end":{"line":61,"column":1}}},"5":{"name":"(anonymous_5)","decl":{"start":{"line":51,"column":4},"end":{"line":51,"column":5}},"loc":{"start":{"line":51,"column":22},"end":{"line":55,"column":6}}},"6":{"name":"(anonymous_6)","decl":{"start":{"line":63,"column":31},"end":{"line":63,"column":32}},"loc":{"start":{"line":63,"column":69},"end":{"line":95,"column":1}}},"7":{"name":"(anonymous_7)","decl":{"start":{"line":97,"column":27},"end":{"line":97,"column":28}},"loc":{"start":{"line":97,"column":73},"end":{"line":112,"column":1}}},"8":{"name":"(anonymous_8)","decl":{"start":{"line":114,"column":41},"end":{"line":114,"column":42}},"loc":{"start":{"line":115,"column":2},"end":{"line":116,"column":21}}},"9":{"name":"(anonymous_9)","decl":{"start":{"line":115,"column":22},"end":{"line":115,"column":23}},"loc":{"start":{"line":115,"column":44},"end":{"line":115,"column":61}}},"10":{"name":"(anonymous_10)","decl":{"start":{"line":118,"column":17},"end":{"line":118,"column":18}},"loc":{"start":{"line":119,"column":2},"end":{"line":119,"column":75}}},"11":{"name":"debounce","decl":{"start":{"line":122,"column":9},"end":{"line":122,"column":17}},"loc":{"start":{"line":122,"column":61},"end":{"line":130,"column":1}}},"12":{"name":"(anonymous_12)","decl":{"start":{"line":123,"column":58},"end":{"line":123,"column":61}},"loc":{"start":{"line":123,"column":64},"end":{"line":123,"column":69}}},"13":{"name":"(anonymous_13)","decl":{"start":{"line":124,"column":19},"end":{"line":124,"column":20}},"loc":{"start":{"line":124,"column":36},"end":{"line":128,"column":3}}},"14":{"name":"(anonymous_14)","decl":{"start":{"line":127,"column":25},"end":{"line":127,"column":28}},"loc":{"start":{"line":127,"column":31},"end":{"line":127,"column":48}}},"15":{"name":"(anonymous_15)","decl":{"start":{"line":132,"column":20},"end":{"line":132,"column":25}},"loc":{"start":{"line":132,"column":62},"end":{"line":152,"column":1}}}},"branchMap":{"0":{"loc":{"start":{"line":79,"column":4},"end":{"line":89,"column":null}},"type":"if","locations":[{"start":{"line":79,"column":4},"end":{"line":89,"column":null}},{"start":{"line":83,"column":11},"end":{"line":89,"column":null}}]},"1":{"loc":{"start":{"line":119,"column":2},"end":{"line":119,"column":75}},"type":"cond-expr","locations":[{"start":{"line":119,"column":34},"end":{"line":119,"column":67}},{"start":{"line":119,"column":70},"end":{"line":119,"column":75}}]},"2":{"loc":{"start":{"line":119,"column":2},"end":{"line":119,"column":31}},"type":"binary-expr","locations":[{"start":{"line":119,"column":2},"end":{"line":119,"column":7}},{"start":{"line":119,"column":11},"end":{"line":119,"column":31}}]},"3":{"loc":{"start":{"line":122,"column":51},"end":{"line":122,"column":61}},"type":"default-arg","locations":[{"start":{"line":122,"column":59},"end":{"line":122,"column":61}}]},"4":{"loc":{"start":{"line":138,"column":4},"end":{"line":144,"column":null}},"type":"if","locations":[{"start":{"line":138,"column":4},"end":{"line":144,"column":null}}]},"5":{"loc":{"start":{"line":142,"column":8},"end":{"line":142,"column":68}},"type":"binary-expr","locations":[{"start":{"line":142,"column":8},"end":{"line":142,"column":15}},{"start":{"line":142,"column":19},"end":{"line":142,"column":68}}]}},"s":{"0":1,"1":0,"2":1,"3":1,"4":0,"5":1,"6":1,"7":0,"8":0,"9":1,"10":1,"11":0,"12":0,"13":0,"14":1,"15":0,"16":0,"17":0,"18":0,"19":1,"20":1,"21":0,"22":0,"23":0,"24":0,"25":0,"26":0,"27":0,"28":0,"29":0,"30":1,"31":0,"32":0,"33":0,"34":0,"35":1,"36":0,"37":0,"38":1,"39":2,"40":1,"41":0,"42":0,"43":0,"44":0,"45":0,"46":0,"47":0,"48":1,"49":1,"50":0,"51":0,"52":0,"53":0,"54":0,"55":0,"56":0,"57":0,"58":0,"59":1},"f":{"0":0,"1":0,"2":0,"3":0,"4":0,"5":0,"6":0,"7":0,"8":0,"9":0,"10":2,"11":0,"12":0,"13":0,"14":0,"15":0},"b":{"0":[0,0],"1":[0,2],"2":[2,0],"3":[0],"4":[0],"5":[0,0]}}
,"/Users/sivemwanda/Work/Assessments/weatherApp/src/utils/tests.tsx": {"path":"/Users/sivemwanda/Work/Assessments/weatherApp/src/utils/tests.tsx","statementMap":{"0":{"start":{"line":7,"column":24},"end":{"line":12,"column":3}},"1":{"start":{"line":8,"column":2},"end":{"line":12,"column":3}}},"fnMap":{"0":{"name":"(anonymous_0)","decl":{"start":{"line":7,"column":24},"end":{"line":7,"column":25}},"loc":{"start":{"line":8,"column":2},"end":{"line":12,"column":3}},"line":8}},"branchMap":{},"s":{"0":12,"1":14},"f":{"0":14},"b":{},"_coverageSchema":"1a1c01bbd47fc00a2c39e90264f33305004495a9","hash":"c87c6c618f8b5ad92d3f0319b6eb83fe99c47d08"}
}
