TN:
SF:src/assets/index.ts
FNF:0
FNH:0
DA:1,5
DA:2,5
DA:3,5
DA:4,5
DA:5,5
DA:6,5
DA:7,5
DA:8,5
DA:11,5
DA:12,5
DA:13,5
DA:14,5
DA:15,5
DA:16,5
DA:17,5
DA:18,5
LF:16
LH:16
BRF:0
BRH:0
end_of_record
TN:
SF:src/assets/icons/back.png
FNF:0
FNH:0
DA:1,5
LF:1
LH:1
BRF:0
BRH:0
end_of_record
TN:
SF:src/assets/icons/cloudy.png
FNF:0
FNH:0
DA:1,5
LF:1
LH:1
BRF:0
BRH:0
end_of_record
TN:
SF:src/assets/icons/rainy.png
FNF:0
FNH:0
DA:1,5
LF:1
LH:1
BRF:0
BRH:0
end_of_record
TN:
SF:src/assets/icons/star.png
FNF:0
FNH:0
DA:1,5
LF:1
LH:1
BRF:0
BRH:0
end_of_record
TN:
SF:src/assets/icons/sunny.png
FNF:0
FNH:0
DA:1,5
LF:1
LH:1
BRF:0
BRH:0
end_of_record
TN:
SF:src/assets/images/cloudy.png
FNF:0
FNH:0
DA:1,5
LF:1
LH:1
BRF:0
BRH:0
end_of_record
TN:
SF:src/assets/images/rainy.png
FNF:0
FNH:0
DA:1,5
LF:1
LH:1
BRF:0
BRH:0
end_of_record
TN:
SF:src/assets/images/sunny.png
FNF:0
FNH:0
DA:1,5
LF:1
LH:1
BRF:0
BRH:0
end_of_record
TN:
SF:src/components/applicationWrapper/index.tsx
FN:16,ApplicationWrapper
FNF:1
FNH:1
FNDA:1,ApplicationWrapper
DA:21,1
LF:1
LH:1
BRDA:24,0,0,1
BRDA:24,0,1,1
BRF:2
BRH:2
end_of_record
TN:
SF:src/components/applicationWrapper/styles.ts
FN:6,(anonymous_1)
FN:24,(anonymous_2)
FNF:2
FNH:2
FNDA:1,(anonymous_1)
FNDA:1,(anonymous_2)
DA:1,1
DA:4,1
DA:10,1
DA:13,1
DA:19,1
DA:28,1
DA:31,1
LF:7
LH:7
BRF:0
BRH:0
end_of_record
TN:
SF:src/components/autoComplete/index.tsx
FN:21,AutoComplete
FN:37,(anonymous_1)
FN:47,(anonymous_2)
FN:52,(anonymous_3)
FN:60,(anonymous_4)
FN:71,(anonymous_5)
FN:74,(anonymous_6)
FNF:7
FNH:2
FNDA:2,AutoComplete
FNDA:0,(anonymous_1)
FNDA:0,(anonymous_2)
FNDA:1,(anonymous_3)
FNDA:0,(anonymous_4)
FNDA:0,(anonymous_5)
FNDA:0,(anonymous_6)
DA:31,2
DA:35,2
DA:37,2
DA:41,0
DA:42,0
DA:44,0
DA:47,2
DA:48,0
DA:49,0
DA:52,2
DA:53,1
DA:56,2
DA:60,0
DA:72,0
DA:74,0
LF:15
LH:7
BRDA:69,0,0,2
BRDA:69,0,1,1
BRDA:77,1,0,0
BRDA:77,1,1,0
BRF:4
BRH:2
end_of_record
TN:
SF:src/components/autoComplete/styles.ts
FN:10,(anonymous_1)
FN:31,(anonymous_2)
FN:43,(anonymous_3)
FNF:3
FNH:1
FNDA:1,(anonymous_1)
FNDA:0,(anonymous_2)
FNDA:0,(anonymous_3)
DA:1,1
DA:3,1
DA:8,1
DA:14,1
DA:19,1
DA:23,1
DA:29,1
DA:35,0
DA:41,1
DA:47,0
DA:51,1
DA:52,1
DA:53,1
DA:54,1
DA:55,1
DA:56,1
LF:16
LH:14
BRF:0
BRH:0
end_of_record
TN:
SF:src/components/backButton/index.tsx
FN:14,BackButton
FNF:1
FNH:1
FNDA:2,BackButton
DA:16,2
DA:17,2
LF:2
LH:2
BRF:0
BRH:0
end_of_record
TN:
SF:src/components/backButton/styles.ts
FN:5,(anonymous_1)
FN:16,(anonymous_2)
FNF:2
FNH:2
FNDA:2,(anonymous_1)
FNDA:2,(anonymous_2)
DA:1,2
DA:4,2
DA:9,2
DA:20,2
DA:23,2
DA:28,2
LF:6
LH:6
BRF:0
BRH:0
end_of_record
TN:
SF:src/components/button/enums.ts
FN:1,(anonymous_0)
FNF:1
FNH:1
FNDA:5,(anonymous_0)
DA:1,5
DA:2,5
DA:3,5
DA:6,5
LF:4
LH:4
BRDA:1,0,0,5
BRDA:1,0,1,5
BRF:2
BRH:2
end_of_record
TN:
SF:src/components/button/index.tsx
FN:14,Button
FN:18,(anonymous_1)
FNF:2
FNH:2
FNDA:5,Button
FNDA:5,(anonymous_1)
DA:17,5
DA:18,5
DA:19,5
DA:21,1
DA:23,1
DA:25,3
DA:28,5
LF:7
LH:7
BRDA:19,0,0,1
BRDA:19,0,1,1
BRDA:19,0,2,3
BRF:3
BRH:3
end_of_record
TN:
SF:src/components/button/styles.ts
FN:7,(anonymous_1)
FNF:1
FNH:1
FNDA:5,(anonymous_1)
DA:1,5
DA:5,5
DA:8,5
DA:15,5
LF:4
LH:4
BRDA:8,0,0,5
BRDA:8,0,1,0
BRF:2
BRH:1
end_of_record
TN:
SF:src/components/common/index.ts
FN:14,(anonymous_1)
FN:20,(anonymous_2)
FN:21,(anonymous_3)
FN:22,(anonymous_4)
FNF:4
FNH:4
FNDA:20,(anonymous_1)
FNDA:20,(anonymous_2)
FNDA:20,(anonymous_3)
FNDA:20,(anonymous_4)
DA:1,8
DA:2,8
DA:5,8
DA:9,8
DA:13,8
DA:19,20
DA:20,20
DA:21,20
DA:22,20
DA:25,8
DA:30,8
DA:39,8
DA:40,8
DA:41,8
DA:42,8
DA:43,8
LF:16
LH:16
BRDA:19,0,0,20
BRDA:19,0,1,20
BRDA:20,1,0,20
BRDA:20,1,1,1
BRDA:21,2,0,20
BRDA:21,2,1,2
BRDA:22,3,0,20
BRDA:22,3,1,8
BRF:8
BRH:8
end_of_record
TN:
SF:src/components/currentDayWeatherSummary/index.tsx
FN:16,CurrentDayWeatherSummary
FNF:1
FNH:1
FNDA:2,CurrentDayWeatherSummary
DA:22,2
LF:1
LH:1
BRF:0
BRH:0
end_of_record
TN:
SF:src/components/currentDayWeatherSummary/styles.ts
FN:6,(anonymous_1)
FNF:1
FNH:1
FNDA:2,(anonymous_1)
DA:1,2
DA:4,2
DA:6,2
DA:14,2
DA:18,2
LF:5
LH:5
BRF:0
BRH:0
end_of_record
TN:
SF:src/components/currentDayWeatherView/enums.ts
FN:1,(anonymous_0)
FN:7,(anonymous_1)
FNF:2
FNH:2
FNDA:2,(anonymous_0)
FNDA:2,(anonymous_1)
DA:1,2
DA:2,2
DA:3,2
DA:4,2
DA:7,2
DA:8,2
DA:9,2
DA:10,2
DA:13,2
LF:9
LH:9
BRDA:1,0,0,2
BRDA:1,0,1,2
BRDA:7,1,0,2
BRDA:7,1,1,2
BRF:4
BRH:4
end_of_record
TN:
SF:src/components/currentDayWeatherView/index.tsx
FN:21,CurrentDayWeatherView
FN:32,(anonymous_1)
FNF:2
FNH:2
FNDA:1,CurrentDayWeatherView
FNDA:2,(anonymous_1)
DA:30,1
DA:32,1
DA:33,2
DA:35,0
DA:37,0
DA:39,0
DA:41,2
DA:45,1
LF:8
LH:5
BRDA:33,0,0,0
BRDA:33,0,1,0
BRDA:33,0,2,0
BRDA:33,0,3,2
BRF:4
BRH:1
end_of_record
TN:
SF:src/components/currentDayWeatherView/styles.ts
FNF:0
FNH:0
DA:1,1
DA:3,1
DA:7,1
DA:13,1
DA:18,1
DA:19,1
DA:20,1
LF:7
LH:7
BRF:0
BRH:0
end_of_record
TN:
SF:src/components/favoritesButton/index.tsx
FN:18,FavoritesButton
FNF:1
FNH:1
FNDA:1,FavoritesButton
DA:21,1
DA:22,1
LF:2
LH:2
BRDA:27,0,0,1
BRDA:27,0,1,0
BRF:2
BRH:1
end_of_record
TN:
SF:src/components/favoritesButton/styles.ts
FN:8,(anonymous_1)
FN:13,(anonymous_2)
FN:21,(anonymous_3)
FN:30,(anonymous_4)
FNF:4
FNH:3
FNDA:1,(anonymous_1)
FNDA:1,(anonymous_2)
FNDA:1,(anonymous_3)
FNDA:0,(anonymous_4)
DA:1,1
DA:4,1
DA:12,1
DA:17,1
DA:21,1
DA:24,1
DA:29,1
DA:34,0
DA:42,1
LF:9
LH:8
BRDA:21,0,0,1
BRDA:21,0,1,0
BRF:2
BRH:1
end_of_record
TN:
SF:src/components/locations/index.tsx
FN:16,Locations
FN:24,(anonymous_1)
FN:25,(anonymous_2)
FN:34,(anonymous_3)
FNF:4
FNH:1
FNDA:1,Locations
FNDA:0,(anonymous_1)
FNDA:0,(anonymous_2)
FNDA:0,(anonymous_3)
DA:18,1
DA:19,1
DA:24,0
DA:26,0
DA:34,0
LF:5
LH:2
BRF:0
BRH:0
end_of_record
TN:
SF:src/components/locations/styles.ts
FN:5,(anonymous_1)
FN:15,(anonymous_2)
FN:25,(anonymous_3)
FNF:3
FNH:1
FNDA:1,(anonymous_1)
FNDA:0,(anonymous_2)
FNDA:0,(anonymous_3)
DA:1,1
DA:4,1
DA:9,1
DA:14,1
DA:19,0
DA:23,1
DA:29,0
DA:33,1
LF:8
LH:6
BRF:0
BRH:0
end_of_record
TN:
SF:src/components/modal/enums.ts
FN:1,(anonymous_0)
FNF:1
FNH:1
FNDA:2,(anonymous_0)
DA:1,2
DA:2,2
DA:3,2
DA:4,2
DA:7,2
LF:5
LH:5
BRDA:1,0,0,2
BRDA:1,0,1,2
BRF:2
BRH:2
end_of_record
TN:
SF:src/components/modal/index.tsx
FN:23,Modal
FN:46,(anonymous_1)
FN:82,(anonymous_2)
FN:92,(anonymous_3)
FNF:4
FNH:2
FNDA:1,Modal
FNDA:1,(anonymous_1)
FNDA:0,(anonymous_2)
FNDA:0,(anonymous_3)
DA:41,1
DA:44,1
DA:46,1
DA:47,1
DA:49,0
DA:51,0
DA:53,1
DA:55,0
DA:59,1
DA:83,0
DA:84,0
DA:93,0
DA:94,0
LF:13
LH:6
BRDA:47,0,0,0
BRDA:47,0,1,0
BRDA:47,0,2,1
BRDA:47,0,3,0
BRDA:62,1,0,1
BRDA:62,1,1,0
BRDA:67,2,0,1
BRDA:67,2,1,1
BRDA:80,3,0,1
BRDA:80,3,1,1
BRDA:80,3,2,1
BRDA:90,4,0,1
BRDA:90,4,1,1
BRDA:90,4,2,1
BRF:14
BRH:10
end_of_record
TN:
SF:src/components/modal/styles.ts
FN:11,(anonymous_1)
FN:26,(anonymous_2)
FN:37,(anonymous_3)
FN:42,(anonymous_4)
FNF:4
FNH:0
FNDA:0,(anonymous_1)
FNDA:0,(anonymous_2)
FNDA:0,(anonymous_3)
FNDA:0,(anonymous_4)
DA:1,2
DA:2,2
DA:6,2
DA:10,2
DA:11,0
DA:15,2
DA:19,2
DA:24,2
DA:30,0
DA:35,2
DA:41,0
DA:46,0
DA:52,2
DA:53,2
DA:54,2
DA:55,2
DA:56,2
DA:57,2
LF:18
LH:14
BRF:0
BRH:0
end_of_record
TN:
SF:src/components/temperatureInDegrees/index.tsx
FN:12,TemperatureInDegrees
FNF:1
FNH:1
FNDA:8,TemperatureInDegrees
DA:20,8
LF:1
LH:1
BRF:0
BRH:0
end_of_record
TN:
SF:src/components/temperatureInDegrees/styles.ts
FN:11,(anonymous_1)
FN:12,(anonymous_2)
FN:13,(anonymous_3)
FN:16,(anonymous_4)
FNF:4
FNH:4
FNDA:8,(anonymous_1)
FNDA:8,(anonymous_2)
FNDA:8,(anonymous_3)
FNDA:8,(anonymous_4)
DA:1,4
DA:4,4
DA:8,4
DA:11,8
DA:12,8
DA:13,8
DA:20,8
DA:23,4
LF:8
LH:8
BRDA:11,0,0,8
BRDA:11,0,1,2
BRDA:12,1,0,8
BRDA:12,1,1,2
BRDA:13,2,0,8
BRDA:13,2,1,2
BRF:6
BRH:6
end_of_record
TN:
SF:src/components/textInput/index.tsx
FN:17,TextInput
FNF:1
FNH:1
FNDA:3,TextInput
DA:28,3
DA:30,3
LF:2
LH:2
BRDA:32,0,0,0
BRDA:32,0,1,3
BRDA:36,1,0,0
BRDA:36,1,1,3
BRDA:43,2,0,0
BRDA:43,2,1,3
BRF:6
BRH:3
end_of_record
TN:
SF:src/components/textInput/styles.ts
FN:9,(anonymous_1)
FN:20,(anonymous_2)
FN:25,(anonymous_3)
FN:54,(anonymous_4)
FN:63,(anonymous_5)
FNF:5
FNH:3
FNDA:3,(anonymous_1)
FNDA:3,(anonymous_2)
FNDA:3,(anonymous_3)
FNDA:0,(anonymous_4)
FNDA:0,(anonymous_5)
DA:1,2
DA:4,2
DA:13,3
DA:16,2
DA:24,3
DA:29,3
DA:36,2
DA:43,2
DA:53,2
DA:58,0
DA:62,2
DA:67,0
DA:75,2
DA:76,2
DA:77,2
DA:78,2
DA:79,2
DA:80,2
LF:18
LH:16
BRF:0
BRH:0
end_of_record
TN:
SF:src/components/weatherForecastView/index.tsx
FN:22,WeatherForecastView
FN:31,(anonymous_1)
FN:44,(anonymous_2)
FN:62,(anonymous_3)
FNF:4
FNH:2
FNDA:1,WeatherForecastView
FNDA:0,(anonymous_1)
FNDA:1,(anonymous_2)
FNDA:0,(anonymous_3)
DA:29,1
DA:31,1
DA:32,0
DA:34,0
DA:36,0
DA:38,0
DA:40,0
DA:44,1
DA:45,1
DA:47,0
DA:49,0
DA:51,0
DA:53,1
DA:57,1
DA:63,0
LF:15
LH:6
BRDA:32,0,0,0
BRDA:32,0,1,0
BRDA:32,0,2,0
BRDA:32,0,3,0
BRDA:45,1,0,0
BRDA:45,1,1,0
BRDA:45,1,2,0
BRDA:45,1,3,1
BRF:8
BRH:1
end_of_record
TN:
SF:src/components/weatherForecastView/styles.ts
FN:10,(anonymous_1)
FN:19,(anonymous_2)
FNF:2
FNH:1
FNDA:1,(anonymous_1)
FNDA:0,(anonymous_2)
DA:1,1
DA:7,1
DA:10,1
DA:14,1
DA:19,0
DA:22,1
DA:27,1
DA:32,1
DA:36,1
DA:44,1
DA:45,1
DA:46,1
DA:47,1
DA:48,1
DA:49,1
LF:15
LH:14
BRDA:19,0,0,0
BRDA:19,0,1,0
BRF:2
BRH:0
end_of_record
TN:
SF:src/context/index.tsx
FN:21,(anonymous_0)
FN:22,(anonymous_1)
FN:26,(anonymous_2)
FN:27,(anonymous_3)
FN:31,(anonymous_4)
FN:33,(anonymous_5)
FN:41,(anonymous_6)
FN:68,(anonymous_7)
FN:72,(anonymous_8)
FN:77,(anonymous_9)
FN:79,(anonymous_10)
FNF:11
FNH:1
FNDA:0,(anonymous_0)
FNDA:0,(anonymous_1)
FNDA:0,(anonymous_2)
FNDA:0,(anonymous_3)
FNDA:2,(anonymous_4)
FNDA:0,(anonymous_5)
FNDA:0,(anonymous_6)
FNDA:0,(anonymous_7)
FNDA:0,(anonymous_8)
FNDA:0,(anonymous_9)
FNDA:0,(anonymous_10)
DA:15,2
DA:21,0
DA:22,0
DA:26,0
DA:27,0
DA:31,2
DA:33,2
DA:34,0
DA:35,0
DA:38,0
DA:40,0
DA:52,0
DA:68,0
DA:69,0
DA:72,0
DA:73,0
DA:76,0
DA:78,0
DA:80,0
DA:85,0
DA:86,0
DA:97,0
DA:99,0
DA:100,0
DA:105,0
LF:25
LH:3
BRDA:80,0,0,0
BRDA:80,0,1,0
BRDA:80,0,2,0
BRDA:85,1,0,0
BRDA:85,1,1,0
BRF:5
BRH:0
end_of_record
TN:
SF:src/context/mockData/index.ts
FN:8,(anonymous_0)
FN:9,(anonymous_1)
FN:19,(anonymous_2)
FN:20,(anonymous_3)
FNF:4
FNH:0
FNDA:0,(anonymous_0)
FNDA:0,(anonymous_1)
FNDA:0,(anonymous_2)
FNDA:0,(anonymous_3)
DA:1,2
DA:4,2
DA:8,0
DA:9,0
DA:17,2
DA:19,0
DA:20,0
DA:23,2
LF:8
LH:4
BRF:0
BRH:0
end_of_record
TN:
SF:src/hooks/useHydration/index.ts
FN:6,useHydration
FN:13,(anonymous_2)
FN:24,(anonymous_3)
FNF:3
FNH:0
FNDA:0,useHydration
FNDA:0,(anonymous_2)
FNDA:0,(anonymous_3)
DA:1,2
DA:2,2
DA:3,2
DA:9,0
DA:11,0
DA:13,0
DA:14,0
DA:16,0
DA:17,0
DA:19,0
DA:23,0
DA:25,0
DA:27,0
DA:32,0
DA:39,2
LF:15
LH:4
BRDA:16,0,0,0
BRF:1
BRH:0
end_of_record
TN:
SF:src/theme/index.ts
FNF:0
FNH:0
DA:1,12
DA:4,12
LF:2
LH:2
BRF:0
BRH:0
end_of_record
TN:
SF:src/utils/index.ts
FN:10,(anonymous_0)
FN:16,(anonymous_1)
FN:22,(anonymous_2)
FN:37,(anonymous_3)
FN:47,(anonymous_4)
FN:51,(anonymous_5)
FN:63,(anonymous_6)
FN:97,(anonymous_7)
FN:114,(anonymous_8)
FN:115,(anonymous_9)
FN:118,(anonymous_10)
FN:122,debounce
FN:123,(anonymous_12)
FN:124,(anonymous_13)
FN:127,(anonymous_14)
FN:132,(anonymous_15)
FNF:16
FNH:1
FNDA:0,(anonymous_0)
FNDA:0,(anonymous_1)
FNDA:0,(anonymous_2)
FNDA:0,(anonymous_3)
FNDA:0,(anonymous_4)
FNDA:0,(anonymous_5)
FNDA:0,(anonymous_6)
FNDA:0,(anonymous_7)
FNDA:0,(anonymous_8)
FNDA:0,(anonymous_9)
FNDA:2,(anonymous_10)
FNDA:0,debounce
FNDA:0,(anonymous_12)
FNDA:0,(anonymous_13)
FNDA:0,(anonymous_14)
FNDA:0,(anonymous_15)
DA:10,1
DA:16,1
DA:22,1
DA:25,0
DA:34,0
DA:37,1
DA:38,0
DA:40,0
DA:44,0
DA:47,1
DA:50,0
DA:51,0
DA:58,0
DA:60,0
DA:63,1
DA:64,0
DA:66,0
DA:71,0
DA:73,0
DA:79,0
DA:80,0
DA:84,0
DA:92,0
DA:94,0
DA:97,1
DA:98,0
DA:99,0
DA:100,0
DA:111,0
DA:114,1
DA:115,0
DA:118,1
DA:119,2
DA:123,0
DA:124,0
DA:125,0
DA:127,0
DA:129,0
DA:132,1
DA:133,0
DA:134,0
DA:138,0
DA:139,0
DA:140,0
DA:141,0
DA:146,0
DA:148,0
DA:150,0
DA:155,1
DA:156,1
DA:157,1
DA:158,1
DA:159,1
DA:160,1
DA:161,1
LF:55
LH:18
BRDA:79,0,0,0
BRDA:79,0,1,0
BRDA:119,1,0,0
BRDA:119,1,1,2
BRDA:119,2,0,2
BRDA:119,2,1,0
BRDA:122,3,0,0
BRDA:138,4,0,0
BRDA:142,5,0,0
BRDA:142,5,1,0
BRF:10
BRH:2
end_of_record
TN:
SF:src/utils/tests.tsx
FN:7,(anonymous_0)
FNF:1
FNH:1
FNDA:14,(anonymous_0)
DA:7,12
DA:8,14
LF:2
LH:2
BRF:0
BRH:0
end_of_record
